{"C:\\Projects\\pg-promise\\lib\\utils\\color.js":{"path":"C:\\Projects\\pg-promise\\lib\\utils\\color.js","statementMap":{"0":{"start":{"line":1,"column":17},"end":{"line":1,"column":32}},"1":{"start":{"line":6,"column":8},"end":{"line":6,"column":53}},"2":{"start":{"line":10,"column":8},"end":{"line":10,"column":53}},"3":{"start":{"line":14,"column":8},"end":{"line":14,"column":53}},"4":{"start":{"line":18,"column":8},"end":{"line":18,"column":53}},"5":{"start":{"line":22,"column":8},"end":{"line":22,"column":52}},"6":{"start":{"line":27,"column":8},"end":{"line":31,"column":9}},"7":{"start":{"line":28,"column":12},"end":{"line":28,"column":77}},"8":{"start":{"line":36,"column":8},"end":{"line":40,"column":9}},"9":{"start":{"line":37,"column":12},"end":{"line":37,"column":79}},"10":{"start":{"line":44,"column":8},"end":{"line":44,"column":66}},"11":{"start":{"line":44,"column":29},"end":{"line":44,"column":64}},"12":{"start":{"line":48,"column":0},"end":{"line":50,"column":2}},"13":{"start":{"line":49,"column":4},"end":{"line":49,"column":49}},"14":{"start":{"line":52,"column":0},"end":{"line":54,"column":2}},"15":{"start":{"line":53,"column":4},"end":{"line":53,"column":49}},"16":{"start":{"line":56,"column":0},"end":{"line":58,"column":2}},"17":{"start":{"line":57,"column":4},"end":{"line":57,"column":49}},"18":{"start":{"line":60,"column":0},"end":{"line":62,"column":2}},"19":{"start":{"line":61,"column":4},"end":{"line":61,"column":49}},"20":{"start":{"line":64,"column":0},"end":{"line":66,"column":2}},"21":{"start":{"line":65,"column":4},"end":{"line":65,"column":48}},"22":{"start":{"line":68,"column":0},"end":{"line":68,"column":32}}},"fnMap":{"0":{"name":"(anonymous_0)","decl":{"start":{"line":5,"column":4},"end":{"line":5,"column":5}},"loc":{"start":{"line":5,"column":17},"end":{"line":7,"column":5}},"line":5},"1":{"name":"(anonymous_1)","decl":{"start":{"line":9,"column":4},"end":{"line":9,"column":5}},"loc":{"start":{"line":9,"column":18},"end":{"line":11,"column":5}},"line":9},"2":{"name":"(anonymous_2)","decl":{"start":{"line":13,"column":4},"end":{"line":13,"column":5}},"loc":{"start":{"line":13,"column":21},"end":{"line":15,"column":5}},"line":13},"3":{"name":"(anonymous_3)","decl":{"start":{"line":17,"column":4},"end":{"line":17,"column":5}},"loc":{"start":{"line":17,"column":18},"end":{"line":19,"column":5}},"line":17},"4":{"name":"(anonymous_4)","decl":{"start":{"line":21,"column":4},"end":{"line":21,"column":5}},"loc":{"start":{"line":21,"column":19},"end":{"line":23,"column":5}},"line":21},"5":{"name":"(anonymous_5)","decl":{"start":{"line":25,"column":4},"end":{"line":25,"column":5}},"loc":{"start":{"line":25,"column":38},"end":{"line":32,"column":5}},"line":25},"6":{"name":"(anonymous_6)","decl":{"start":{"line":34,"column":4},"end":{"line":34,"column":5}},"loc":{"start":{"line":34,"column":37},"end":{"line":41,"column":5}},"line":34},"7":{"name":"(anonymous_7)","decl":{"start":{"line":43,"column":4},"end":{"line":43,"column":5}},"loc":{"start":{"line":43,"column":36},"end":{"line":45,"column":5}},"line":43},"8":{"name":"(anonymous_8)","decl":{"start":{"line":44,"column":24},"end":{"line":44,"column":25}},"loc":{"start":{"line":44,"column":29},"end":{"line":44,"column":64}},"line":44},"9":{"name":"(anonymous_9)","decl":{"start":{"line":48,"column":26},"end":{"line":48,"column":27}},"loc":{"start":{"line":48,"column":38},"end":{"line":50,"column":1}},"line":48},"10":{"name":"(anonymous_10)","decl":{"start":{"line":52,"column":27},"end":{"line":52,"column":28}},"loc":{"start":{"line":52,"column":39},"end":{"line":54,"column":1}},"line":52},"11":{"name":"(anonymous_11)","decl":{"start":{"line":56,"column":30},"end":{"line":56,"column":31}},"loc":{"start":{"line":56,"column":42},"end":{"line":58,"column":1}},"line":56},"12":{"name":"(anonymous_12)","decl":{"start":{"line":60,"column":27},"end":{"line":60,"column":28}},"loc":{"start":{"line":60,"column":39},"end":{"line":62,"column":1}},"line":60},"13":{"name":"(anonymous_13)","decl":{"start":{"line":64,"column":28},"end":{"line":64,"column":29}},"loc":{"start":{"line":64,"column":40},"end":{"line":66,"column":1}},"line":64}},"branchMap":{"0":{"loc":{"start":{"line":27,"column":8},"end":{"line":31,"column":9}},"type":"if","locations":[{"start":{"line":27,"column":8},"end":{"line":31,"column":9}}],"line":27},"1":{"loc":{"start":{"line":36,"column":8},"end":{"line":40,"column":9}},"type":"if","locations":[{"start":{"line":36,"column":8},"end":{"line":40,"column":9}}],"line":36}},"s":{"0":1,"1":1,"2":1,"3":1,"4":1,"5":3,"6":8,"7":8,"8":4,"9":4,"10":12,"11":17,"12":1,"13":1,"14":1,"15":1,"16":1,"17":1,"18":1,"19":1,"20":1,"21":1,"22":1},"f":{"0":1,"1":1,"2":1,"3":1,"4":3,"5":8,"6":4,"7":12,"8":17,"9":1,"10":1,"11":1,"12":1,"13":1},"b":{"0":[8],"1":[4]},"_coverageSchema":"1a1c01bbd47fc00a2c39e90264f33305004495a9","hash":"820c67b3f27f536f14b5cfcd121816cc6dcff58f","contentHash":"e6c4f891db7e019e6b1af754141e03175dacb3e1664dd8d8d0a71bfb7354f7bc"},"C:\\Projects\\pg-promise\\lib\\index.js":{"path":"C:\\Projects\\pg-promise\\lib\\index.js","statementMap":{"0":{"start":{"line":11,"column":8},"end":{"line":11,"column":40}},"1":{"start":{"line":12,"column":14},"end":{"line":12,"column":19}},"2":{"start":{"line":29,"column":0},"end":{"line":29,"column":35}}},"fnMap":{},"branchMap":{},"s":{"0":1,"1":1,"2":1},"f":{},"b":{},"_coverageSchema":"1a1c01bbd47fc00a2c39e90264f33305004495a9","hash":"1b4d4f6ae095ac59eccdfabdaa25ffa429e6f350","contentHash":"0409d1d0a978fea0465d1141af75773217f51884c607cdc6b6534629faa271bf"},"C:\\Projects\\pg-promise\\lib\\main.js":{"path":"C:\\Projects\\pg-promise\\lib\\main.js","statementMap":{"0":{"start":{"line":10,"column":23},"end":{"line":10,"column":49}},"1":{"start":{"line":11,"column":48},"end":{"line":11,"column":66}},"2":{"start":{"line":12,"column":20},"end":{"line":12,"column":43}},"3":{"start":{"line":13,"column":22},"end":{"line":13,"column":47}},"4":{"start":{"line":14,"column":17},"end":{"line":14,"column":36}},"5":{"start":{"line":16,"column":12},"end":{"line":28,"column":1}},"6":{"start":{"line":160,"column":4},"end":{"line":161,"column":103}},"7":{"start":{"line":163,"column":13},"end":{"line":163,"column":19}},"8":{"start":{"line":165,"column":19},"end":{"line":167,"column":5}},"9":{"start":{"line":169,"column":4},"end":{"line":169,"column":52}},"10":{"start":{"line":172,"column":4},"end":{"line":172,"column":67}},"11":{"start":{"line":174,"column":4},"end":{"line":174,"column":29}},"12":{"start":{"line":199,"column":21},"end":{"line":199,"column":50}},"13":{"start":{"line":201,"column":17},"end":{"line":206,"column":5}},"14":{"start":{"line":202,"column":8},"end":{"line":204,"column":9}},"15":{"start":{"line":203,"column":12},"end":{"line":203,"column":48}},"16":{"start":{"line":205,"column":8},"end":{"line":205,"column":83}},"17":{"start":{"line":208,"column":4},"end":{"line":208,"column":53}},"18":{"start":{"line":219,"column":4},"end":{"line":219,"column":17}},"19":{"start":{"line":236,"column":4},"end":{"line":238,"column":7}},"20":{"start":{"line":237,"column":8},"end":{"line":237,"column":32}},"21":{"start":{"line":250,"column":4},"end":{"line":250,"column":64}},"22":{"start":{"line":265,"column":4},"end":{"line":265,"column":58}},"23":{"start":{"line":267,"column":4},"end":{"line":267,"column":22}},"24":{"start":{"line":269,"column":4},"end":{"line":269,"column":16}},"25":{"start":{"line":272,"column":22},"end":{"line":365,"column":1}},"26":{"start":{"line":367,"column":0},"end":{"line":367,"column":50}},"27":{"start":{"line":369,"column":0},"end":{"line":369,"column":23}}},"fnMap":{"0":{"name":"$main","decl":{"start":{"line":158,"column":9},"end":{"line":158,"column":14}},"loc":{"start":{"line":158,"column":24},"end":{"line":270,"column":1}},"line":158},"1":{"name":"(anonymous_1)","decl":{"start":{"line":201,"column":17},"end":{"line":201,"column":18}},"loc":{"start":{"line":201,"column":29},"end":{"line":206,"column":5}},"line":201},"2":{"name":"(anonymous_2)","decl":{"start":{"line":236,"column":39},"end":{"line":236,"column":40}},"loc":{"start":{"line":236,"column":45},"end":{"line":238,"column":5}},"line":236}},"branchMap":{"0":{"loc":{"start":{"line":202,"column":8},"end":{"line":204,"column":9}},"type":"if","locations":[{"start":{"line":202,"column":8},"end":{"line":204,"column":9}},{"start":{},"end":{}}],"line":202},"1":{"loc":{"start":{"line":202,"column":12},"end":{"line":202,"column":66}},"type":"binary-expr","locations":[{"start":{"line":202,"column":12},"end":{"line":202,"column":32}},{"start":{"line":202,"column":37},"end":{"line":202,"column":39}},{"start":{"line":202,"column":43},"end":{"line":202,"column":65}}],"line":202}},"s":{"0":1,"1":1,"2":1,"3":1,"4":1,"5":1,"6":21,"7":19,"8":19,"9":19,"10":19,"11":19,"12":19,"13":19,"14":32,"15":27,"16":5,"17":19,"18":19,"19":19,"20":1,"21":19,"22":19,"23":19,"24":19,"25":1,"26":1,"27":1},"f":{"0":21,"1":32,"2":1},"b":{"0":[27,5],"1":[32,30,27]},"_coverageSchema":"1a1c01bbd47fc00a2c39e90264f33305004495a9","hash":"4430a2241969b7bbacba70c48d61624d621e7a9a","contentHash":"d03ae23a1d7a73a15afab76ff78a459ae542c3346abde60b4277edafb0d0e166"},"C:\\Projects\\pg-promise\\lib\\database-pool.js":{"path":"C:\\Projects\\pg-promise\\lib\\database-pool.js","statementMap":{"0":{"start":{"line":10,"column":23},"end":{"line":10,"column":47}},"1":{"start":{"line":12,"column":12},"end":{"line":14,"column":1}},"2":{"start":{"line":29,"column":18},"end":{"line":29,"column":53}},"3":{"start":{"line":30,"column":20},"end":{"line":30,"column":29}},"4":{"start":{"line":31,"column":8},"end":{"line":37,"column":9}},"5":{"start":{"line":32,"column":12},"end":{"line":35,"column":14}},"6":{"start":{"line":36,"column":12},"end":{"line":36,"column":30}},"7":{"start":{"line":38,"column":8},"end":{"line":38,"column":21}},"8":{"start":{"line":52,"column":22},"end":{"line":52,"column":55}},"9":{"start":{"line":53,"column":8},"end":{"line":53,"column":57}},"10":{"start":{"line":54,"column":29},"end":{"line":54,"column":50}},"11":{"start":{"line":55,"column":8},"end":{"line":63,"column":9}},"12":{"start":{"line":56,"column":12},"end":{"line":56,"column":27}},"13":{"start":{"line":58,"column":12},"end":{"line":60,"column":13}},"14":{"start":{"line":62,"column":12},"end":{"line":62,"column":29}},"15":{"start":{"line":64,"column":8},"end":{"line":64,"column":21}},"16":{"start":{"line":73,"column":22},"end":{"line":73,"column":31}},"17":{"start":{"line":74,"column":24},"end":{"line":74,"column":45}},"18":{"start":{"line":75,"column":8},"end":{"line":77,"column":9}},"19":{"start":{"line":76,"column":12},"end":{"line":76,"column":32}},"20":{"start":{"line":85,"column":27},"end":{"line":85,"column":39}},"21":{"start":{"line":86,"column":8},"end":{"line":88,"column":11}},"22":{"start":{"line":87,"column":12},"end":{"line":87,"column":26}},"23":{"start":{"line":89,"column":8},"end":{"line":89,"column":32}},"24":{"start":{"line":90,"column":8},"end":{"line":90,"column":28}},"25":{"start":{"line":103,"column":17},"end":{"line":103,"column":23}},"26":{"start":{"line":104,"column":8},"end":{"line":110,"column":9}},"27":{"start":{"line":105,"column":24},"end":{"line":105,"column":26}},"28":{"start":{"line":105,"column":35},"end":{"line":105,"column":57}},"29":{"start":{"line":106,"column":12},"end":{"line":108,"column":15}},"30":{"start":{"line":107,"column":16},"end":{"line":107,"column":37}},"31":{"start":{"line":109,"column":12},"end":{"line":109,"column":21}},"32":{"start":{"line":111,"column":8},"end":{"line":111,"column":92}},"33":{"start":{"line":115,"column":0},"end":{"line":115,"column":32}}},"fnMap":{"0":{"name":"(anonymous_0)","decl":{"start":{"line":28,"column":4},"end":{"line":28,"column":5}},"loc":{"start":{"line":28,"column":26},"end":{"line":39,"column":5}},"line":28},"1":{"name":"(anonymous_1)","decl":{"start":{"line":51,"column":4},"end":{"line":51,"column":5}},"loc":{"start":{"line":51,"column":24},"end":{"line":65,"column":5}},"line":51},"2":{"name":"(anonymous_2)","decl":{"start":{"line":72,"column":4},"end":{"line":72,"column":5}},"loc":{"start":{"line":72,"column":26},"end":{"line":78,"column":5}},"line":72},"3":{"name":"(anonymous_3)","decl":{"start":{"line":84,"column":4},"end":{"line":84,"column":5}},"loc":{"start":{"line":84,"column":22},"end":{"line":91,"column":5}},"line":84},"4":{"name":"(anonymous_4)","decl":{"start":{"line":86,"column":29},"end":{"line":86,"column":30}},"loc":{"start":{"line":86,"column":35},"end":{"line":88,"column":9}},"line":86},"5":{"name":"(anonymous_5)","decl":{"start":{"line":102,"column":4},"end":{"line":102,"column":5}},"loc":{"start":{"line":102,"column":32},"end":{"line":112,"column":5}},"line":102},"6":{"name":"(anonymous_6)","decl":{"start":{"line":106,"column":25},"end":{"line":106,"column":26}},"loc":{"start":{"line":106,"column":33},"end":{"line":108,"column":13}},"line":106}},"branchMap":{"0":{"loc":{"start":{"line":31,"column":8},"end":{"line":37,"column":9}},"type":"if","locations":[{"start":{"line":31,"column":8},"end":{"line":37,"column":9}},{"start":{},"end":{}}],"line":31},"1":{"loc":{"start":{"line":55,"column":8},"end":{"line":63,"column":9}},"type":"if","locations":[{"start":{"line":55,"column":8},"end":{"line":63,"column":9}},{"start":{"line":61,"column":15},"end":{"line":63,"column":9}}],"line":55},"2":{"loc":{"start":{"line":58,"column":12},"end":{"line":60,"column":13}},"type":"if","locations":[{"start":{},"end":{}}],"line":58},"3":{"loc":{"start":{"line":75,"column":8},"end":{"line":77,"column":9}},"type":"if","locations":[{"start":{"line":75,"column":8},"end":{"line":77,"column":9}},{"start":{},"end":{}}],"line":75},"4":{"loc":{"start":{"line":104,"column":8},"end":{"line":110,"column":9}},"type":"if","locations":[{"start":{"line":104,"column":8},"end":{"line":110,"column":9}},{"start":{},"end":{}}],"line":104}},"s":{"0":1,"1":1,"2":55,"3":55,"4":55,"5":1,"6":1,"7":55,"8":27,"9":27,"10":27,"11":27,"12":18,"13":18,"14":9,"15":27,"16":27,"17":27,"18":27,"19":9,"20":1,"21":1,"22":27,"23":1,"24":1,"25":27,"26":27,"27":25,"28":25,"29":25,"30":145,"31":25,"32":27,"33":1},"f":{"0":55,"1":27,"2":27,"3":1,"4":27,"5":27,"6":145},"b":{"0":[1,54],"1":[18,9],"2":[18],"3":[9,18],"4":[25,2]},"_coverageSchema":"1a1c01bbd47fc00a2c39e90264f33305004495a9","hash":"376c2342d0b2c3a10b53c92d40db4d29a30b83ae","contentHash":"c6f6e5a5e239384d37f62741095ba71a2d13a7177221af4fe7b7a766a900265b"},"C:\\Projects\\pg-promise\\lib\\utils\\index.js":{"path":"C:\\Projects\\pg-promise\\lib\\utils\\index.js","statementMap":{"0":{"start":{"line":10,"column":12},"end":{"line":14,"column":1}},"1":{"start":{"line":19,"column":4},"end":{"line":19,"column":49}},"2":{"start":{"line":25,"column":4},"end":{"line":25,"column":60}},"3":{"start":{"line":34,"column":16},"end":{"line":34,"column":42}},"4":{"start":{"line":35,"column":4},"end":{"line":35,"column":51}},"5":{"start":{"line":42,"column":4},"end":{"line":44,"column":5}},"6":{"start":{"line":43,"column":8},"end":{"line":43,"column":42}},"7":{"start":{"line":50,"column":4},"end":{"line":55,"column":7}},"8":{"start":{"line":62,"column":25},"end":{"line":62,"column":111}},"9":{"start":{"line":62,"column":31},"end":{"line":62,"column":111}},"10":{"start":{"line":62,"column":71},"end":{"line":62,"column":110}},"11":{"start":{"line":63,"column":4},"end":{"line":72,"column":5}},"12":{"start":{"line":64,"column":21},"end":{"line":64,"column":28}},"13":{"start":{"line":65,"column":8},"end":{"line":67,"column":9}},"14":{"start":{"line":66,"column":12},"end":{"line":66,"column":61}},"15":{"start":{"line":68,"column":8},"end":{"line":70,"column":9}},"16":{"start":{"line":69,"column":12},"end":{"line":69,"column":72}},"17":{"start":{"line":71,"column":8},"end":{"line":71,"column":20}},"18":{"start":{"line":73,"column":4},"end":{"line":73,"column":28}},"19":{"start":{"line":79,"column":4},"end":{"line":79,"column":33}},"20":{"start":{"line":85,"column":4},"end":{"line":85,"column":49}},"21":{"start":{"line":104,"column":4},"end":{"line":104,"column":23}},"22":{"start":{"line":115,"column":19},"end":{"line":115,"column":32}},"23":{"start":{"line":116,"column":4},"end":{"line":143,"column":5}},"24":{"start":{"line":117,"column":8},"end":{"line":117,"column":33}},"25":{"start":{"line":118,"column":8},"end":{"line":118,"column":28}},"26":{"start":{"line":119,"column":8},"end":{"line":121,"column":9}},"27":{"start":{"line":120,"column":12},"end":{"line":120,"column":37}},"28":{"start":{"line":123,"column":22},"end":{"line":123,"column":37}},"29":{"start":{"line":125,"column":8},"end":{"line":137,"column":9}},"30":{"start":{"line":125,"column":21},"end":{"line":125,"column":22}},"31":{"start":{"line":126,"column":22},"end":{"line":126,"column":30}},"32":{"start":{"line":127,"column":12},"end":{"line":130,"column":13}},"33":{"start":{"line":128,"column":16},"end":{"line":128,"column":37}},"34":{"start":{"line":129,"column":16},"end":{"line":129,"column":30}},"35":{"start":{"line":131,"column":12},"end":{"line":136,"column":13}},"36":{"start":{"line":132,"column":16},"end":{"line":132,"column":29}},"37":{"start":{"line":133,"column":16},"end":{"line":133,"column":29}},"38":{"start":{"line":135,"column":16},"end":{"line":135,"column":31}},"39":{"start":{"line":138,"column":8},"end":{"line":138,"column":30}},"40":{"start":{"line":139,"column":8},"end":{"line":142,"column":9}},"41":{"start":{"line":140,"column":12},"end":{"line":140,"column":35}},"42":{"start":{"line":141,"column":12},"end":{"line":141,"column":31}},"43":{"start":{"line":144,"column":4},"end":{"line":144,"column":18}},"44":{"start":{"line":150,"column":4},"end":{"line":151,"column":75}},"45":{"start":{"line":157,"column":4},"end":{"line":157,"column":49}},"46":{"start":{"line":164,"column":17},"end":{"line":164,"column":64}},"47":{"start":{"line":165,"column":16},"end":{"line":165,"column":44}},"48":{"start":{"line":178,"column":4},"end":{"line":181,"column":5}},"49":{"start":{"line":179,"column":8},"end":{"line":180,"column":55}},"50":{"start":{"line":179,"column":46},"end":{"line":179,"column":87}},"51":{"start":{"line":180,"column":52},"end":{"line":180,"column":53}},"52":{"start":{"line":184,"column":12},"end":{"line":199,"column":1}},"53":{"start":{"line":201,"column":17},"end":{"line":201,"column":32}},"54":{"start":{"line":206,"column":0},"end":{"line":206,"column":21}}},"fnMap":{"0":{"name":"isNull","decl":{"start":{"line":18,"column":9},"end":{"line":18,"column":15}},"loc":{"start":{"line":18,"column":23},"end":{"line":20,"column":1}},"line":18},"1":{"name":"isText","decl":{"start":{"line":24,"column":9},"end":{"line":24,"column":15}},"loc":{"start":{"line":24,"column":21},"end":{"line":26,"column":1}},"line":24},"2":{"name":"isDev","decl":{"start":{"line":33,"column":9},"end":{"line":33,"column":14}},"loc":{"start":{"line":33,"column":17},"end":{"line":36,"column":1}},"line":33},"3":{"name":"addReadProperties","decl":{"start":{"line":41,"column":9},"end":{"line":41,"column":26}},"loc":{"start":{"line":41,"column":43},"end":{"line":45,"column":1}},"line":41},"4":{"name":"addReadProp","decl":{"start":{"line":49,"column":9},"end":{"line":49,"column":20}},"loc":{"start":{"line":49,"column":47},"end":{"line":56,"column":1}},"line":49},"5":{"name":"getSafeConnection","decl":{"start":{"line":61,"column":9},"end":{"line":61,"column":26}},"loc":{"start":{"line":61,"column":31},"end":{"line":74,"column":1}},"line":61},"6":{"name":"(anonymous_6)","decl":{"start":{"line":62,"column":25},"end":{"line":62,"column":26}},"loc":{"start":{"line":62,"column":31},"end":{"line":62,"column":111}},"line":62},"7":{"name":"(anonymous_7)","decl":{"start":{"line":62,"column":61},"end":{"line":62,"column":62}},"loc":{"start":{"line":62,"column":71},"end":{"line":62,"column":110}},"line":62},"8":{"name":"messageGap","decl":{"start":{"line":78,"column":9},"end":{"line":78,"column":19}},"loc":{"start":{"line":78,"column":27},"end":{"line":80,"column":1}},"line":78},"9":{"name":"inherits","decl":{"start":{"line":84,"column":9},"end":{"line":84,"column":17}},"loc":{"start":{"line":84,"column":33},"end":{"line":86,"column":1}},"line":84},"10":{"name":"InternalError","decl":{"start":{"line":103,"column":9},"end":{"line":103,"column":22}},"loc":{"start":{"line":103,"column":30},"end":{"line":105,"column":1}},"line":103},"11":{"name":"getIfHas","decl":{"start":{"line":114,"column":9},"end":{"line":114,"column":17}},"loc":{"start":{"line":114,"column":29},"end":{"line":145,"column":1}},"line":114},"12":{"name":"hasProperty","decl":{"start":{"line":149,"column":9},"end":{"line":149,"column":20}},"loc":{"start":{"line":149,"column":34},"end":{"line":152,"column":1}},"line":149},"13":{"name":"addInspection","decl":{"start":{"line":156,"column":9},"end":{"line":156,"column":22}},"loc":{"start":{"line":156,"column":33},"end":{"line":158,"column":1}},"line":156},"14":{"name":"isConnectivityError","decl":{"start":{"line":163,"column":9},"end":{"line":163,"column":28}},"loc":{"start":{"line":163,"column":34},"end":{"line":173,"column":1}},"line":163},"15":{"name":"toJson","decl":{"start":{"line":177,"column":9},"end":{"line":177,"column":15}},"loc":{"start":{"line":177,"column":22},"end":{"line":182,"column":1}},"line":177},"16":{"name":"(anonymous_16)","decl":{"start":{"line":179,"column":36},"end":{"line":179,"column":37}},"loc":{"start":{"line":179,"column":46},"end":{"line":179,"column":87}},"line":179},"17":{"name":"(anonymous_17)","decl":{"start":{"line":180,"column":42},"end":{"line":180,"column":43}},"loc":{"start":{"line":180,"column":52},"end":{"line":180,"column":53}},"line":180}},"branchMap":{"0":{"loc":{"start":{"line":19,"column":11},"end":{"line":19,"column":48}},"type":"binary-expr","locations":[{"start":{"line":19,"column":11},"end":{"line":19,"column":25}},{"start":{"line":19,"column":29},"end":{"line":19,"column":48}}],"line":19},"1":{"loc":{"start":{"line":25,"column":11},"end":{"line":25,"column":59}},"type":"binary-expr","locations":[{"start":{"line":25,"column":11},"end":{"line":25,"column":14}},{"start":{"line":25,"column":18},"end":{"line":25,"column":41}},{"start":{"line":25,"column":45},"end":{"line":25,"column":59}}],"line":25},"2":{"loc":{"start":{"line":34,"column":16},"end":{"line":34,"column":42}},"type":"binary-expr","locations":[{"start":{"line":34,"column":16},"end":{"line":34,"column":36}},{"start":{"line":34,"column":40},"end":{"line":34,"column":42}}],"line":34},"3":{"loc":{"start":{"line":63,"column":4},"end":{"line":72,"column":5}},"type":"if","locations":[{"start":{"line":63,"column":4},"end":{"line":72,"column":5}},{"start":{},"end":{}}],"line":63},"4":{"loc":{"start":{"line":65,"column":8},"end":{"line":67,"column":9}},"type":"if","locations":[{"start":{"line":65,"column":8},"end":{"line":67,"column":9}},{"start":{},"end":{}}],"line":65},"5":{"loc":{"start":{"line":68,"column":8},"end":{"line":70,"column":9}},"type":"if","locations":[{"start":{"line":68,"column":8},"end":{"line":70,"column":9}},{"start":{},"end":{}}],"line":68},"6":{"loc":{"start":{"line":116,"column":4},"end":{"line":143,"column":5}},"type":"if","locations":[{"start":{"line":116,"column":4},"end":{"line":143,"column":5}},{"start":{"line":122,"column":11},"end":{"line":143,"column":5}}],"line":116},"7":{"loc":{"start":{"line":119,"column":8},"end":{"line":121,"column":9}},"type":"if","locations":[{"start":{"line":119,"column":8},"end":{"line":121,"column":9}},{"start":{},"end":{}}],"line":119},"8":{"loc":{"start":{"line":127,"column":12},"end":{"line":130,"column":13}},"type":"if","locations":[{"start":{"line":127,"column":12},"end":{"line":130,"column":13}},{"start":{},"end":{}}],"line":127},"9":{"loc":{"start":{"line":131,"column":12},"end":{"line":136,"column":13}},"type":"if","locations":[{"start":{"line":131,"column":12},"end":{"line":136,"column":13}},{"start":{"line":134,"column":19},"end":{"line":136,"column":13}}],"line":131},"10":{"loc":{"start":{"line":131,"column":16},"end":{"line":131,"column":47}},"type":"binary-expr","locations":[{"start":{"line":131,"column":16},"end":{"line":131,"column":24}},{"start":{"line":131,"column":28},"end":{"line":131,"column":47}}],"line":131},"11":{"loc":{"start":{"line":139,"column":8},"end":{"line":142,"column":9}},"type":"if","locations":[{"start":{"line":139,"column":8},"end":{"line":142,"column":9}},{"start":{},"end":{}}],"line":139},"12":{"loc":{"start":{"line":150,"column":11},"end":{"line":151,"column":74}},"type":"binary-expr","locations":[{"start":{"line":150,"column":12},"end":{"line":150,"column":17}},{"start":{"line":150,"column":21},"end":{"line":150,"column":46}},{"start":{"line":150,"column":50},"end":{"line":150,"column":63}},{"start":{"line":151,"column":8},"end":{"line":151,"column":22}},{"start":{"line":151,"column":26},"end":{"line":151,"column":45}},{"start":{"line":151,"column":49},"end":{"line":151,"column":74}}],"line":150},"13":{"loc":{"start":{"line":164,"column":17},"end":{"line":164,"column":64}},"type":"binary-expr","locations":[{"start":{"line":164,"column":17},"end":{"line":164,"column":20}},{"start":{"line":164,"column":24},"end":{"line":164,"column":52}},{"start":{"line":164,"column":56},"end":{"line":164,"column":64}}],"line":164},"14":{"loc":{"start":{"line":165,"column":16},"end":{"line":165,"column":44}},"type":"binary-expr","locations":[{"start":{"line":165,"column":16},"end":{"line":165,"column":20}},{"start":{"line":165,"column":24},"end":{"line":165,"column":44}}],"line":165},"15":{"loc":{"start":{"line":178,"column":4},"end":{"line":181,"column":5}},"type":"if","locations":[{"start":{"line":178,"column":4},"end":{"line":181,"column":5}},{"start":{},"end":{}}],"line":178},"16":{"loc":{"start":{"line":179,"column":46},"end":{"line":179,"column":87}},"type":"cond-expr","locations":[{"start":{"line":179,"column":70},"end":{"line":179,"column":83}},{"start":{"line":179,"column":86},"end":{"line":179,"column":87}}],"line":179}},"s":{"0":1,"1":10526,"2":10474,"3":33,"4":33,"5":20,"6":180,"7":1451,"8":46,"9":8,"10":8,"11":46,"12":42,"13":42,"14":39,"15":42,"16":4,"17":42,"18":4,"19":239,"20":1,"21":5,"22":165,"23":165,"24":148,"25":148,"26":148,"27":138,"28":17,"29":17,"30":17,"31":20036,"32":20036,"33":3,"34":3,"35":20033,"36":20023,"37":20023,"38":10,"39":14,"40":14,"41":9,"42":9,"43":162,"44":20029,"45":10,"46":5,"47":5,"48":267,"49":226,"50":477,"51":7,"52":1,"53":1,"54":1},"f":{"0":10526,"1":10474,"2":33,"3":20,"4":1451,"5":46,"6":8,"7":8,"8":239,"9":1,"10":5,"11":165,"12":20029,"13":10,"14":5,"15":267,"16":477,"17":7},"b":{"0":[10526,10518],"1":[10474,10443,10404],"2":[33,1],"3":[42,4],"4":[39,3],"5":[4,38],"6":[148,17],"7":[138,10],"8":[3,20033],"9":[20023,10],"10":[20033,20029],"11":[9,5],"12":[20029,20029,20028,7,7,7],"13":[5,5,5],"14":[5,5],"15":[226,41],"16":[7,470]},"_coverageSchema":"1a1c01bbd47fc00a2c39e90264f33305004495a9","hash":"c6f754221991bb3f06f7921b141bd9d8b49fc3c4","contentHash":"0477586ff42337029d2b99fdb5d3a480a81d9c63184c6498f7d319681114829c"},"C:\\Projects\\pg-promise\\lib\\patterns.js":{"path":"C:\\Projects\\pg-promise\\lib\\patterns.js","statementMap":{"0":{"start":{"line":15,"column":0},"end":{"line":43,"column":2}}},"fnMap":{},"branchMap":{},"s":{"0":1},"f":{},"b":{},"_coverageSchema":"1a1c01bbd47fc00a2c39e90264f33305004495a9","hash":"8169acfb947807cd6cb9bdf16b25a5529930c3d0","contentHash":"df46fa1ae9ba663b7f9d4c00a9c8956c28598c40171d27d813b5efdb8688fd09"},"C:\\Projects\\pg-promise\\lib\\types\\index.js":{"path":"C:\\Projects\\pg-promise\\lib\\types\\index.js","statementMap":{"0":{"start":{"line":10,"column":27},"end":{"line":10,"column":57}},"1":{"start":{"line":11,"column":28},"end":{"line":11,"column":59}},"2":{"start":{"line":12,"column":29},"end":{"line":12,"column":61}},"3":{"start":{"line":14,"column":0},"end":{"line":18,"column":2}}},"fnMap":{},"branchMap":{},"s":{"0":1,"1":1,"2":1,"3":1},"f":{},"b":{},"_coverageSchema":"1a1c01bbd47fc00a2c39e90264f33305004495a9","hash":"4705f7e2f7a962eaee3a81140112a2dcf46db180","contentHash":"a8db87f67fae4c919722b4e8e2bb04de901c70999949c52e37d82a645057192b"},"C:\\Projects\\pg-promise\\lib\\types\\server-formatting.js":{"path":"C:\\Projects\\pg-promise\\lib\\types\\server-formatting.js","statementMap":{"0":{"start":{"line":1,"column":21},"end":{"line":1,"column":46}},"1":{"start":{"line":2,"column":24},"end":{"line":2,"column":43}},"2":{"start":{"line":3,"column":14},"end":{"line":3,"column":33}},"3":{"start":{"line":12,"column":23},"end":{"line":17,"column":9}},"4":{"start":{"line":18,"column":8},"end":{"line":18,"column":22}},"5":{"start":{"line":19,"column":8},"end":{"line":19,"column":45}},"6":{"start":{"line":23,"column":8},"end":{"line":23,"column":40}},"7":{"start":{"line":27,"column":8},"end":{"line":27,"column":40}},"8":{"start":{"line":31,"column":19},"end":{"line":31,"column":30}},"9":{"start":{"line":32,"column":8},"end":{"line":35,"column":9}},"10":{"start":{"line":33,"column":12},"end":{"line":33,"column":36}},"11":{"start":{"line":34,"column":12},"end":{"line":34,"column":30}},"12":{"start":{"line":39,"column":8},"end":{"line":39,"column":42}},"13":{"start":{"line":43,"column":19},"end":{"line":43,"column":30}},"14":{"start":{"line":44,"column":8},"end":{"line":47,"column":9}},"15":{"start":{"line":45,"column":12},"end":{"line":45,"column":38}},"16":{"start":{"line":46,"column":12},"end":{"line":46,"column":30}},"17":{"start":{"line":51,"column":8},"end":{"line":51,"column":43}},"18":{"start":{"line":55,"column":19},"end":{"line":55,"column":30}},"19":{"start":{"line":56,"column":8},"end":{"line":59,"column":9}},"20":{"start":{"line":57,"column":12},"end":{"line":57,"column":39}},"21":{"start":{"line":58,"column":12},"end":{"line":58,"column":30}},"22":{"start":{"line":63,"column":8},"end":{"line":63,"column":41}},"23":{"start":{"line":67,"column":8},"end":{"line":67,"column":37}},"24":{"start":{"line":77,"column":19},"end":{"line":77,"column":37}},"25":{"start":{"line":78,"column":4},"end":{"line":90,"column":5}},"26":{"start":{"line":79,"column":8},"end":{"line":83,"column":9}},"27":{"start":{"line":80,"column":12},"end":{"line":80,"column":30}},"28":{"start":{"line":82,"column":12},"end":{"line":82,"column":33}},"29":{"start":{"line":85,"column":8},"end":{"line":89,"column":9}},"30":{"start":{"line":86,"column":12},"end":{"line":86,"column":33}},"31":{"start":{"line":88,"column":12},"end":{"line":88,"column":32}},"32":{"start":{"line":93,"column":0},"end":{"line":95,"column":3}},"33":{"start":{"line":94,"column":4},"end":{"line":94,"column":27}},"34":{"start":{"line":97,"column":0},"end":{"line":97,"column":36}}},"fnMap":{"0":{"name":"(anonymous_0)","decl":{"start":{"line":11,"column":4},"end":{"line":11,"column":5}},"loc":{"start":{"line":11,"column":25},"end":{"line":20,"column":5}},"line":11},"1":{"name":"(anonymous_1)","decl":{"start":{"line":22,"column":4},"end":{"line":22,"column":5}},"loc":{"start":{"line":22,"column":16},"end":{"line":24,"column":5}},"line":22},"2":{"name":"(anonymous_2)","decl":{"start":{"line":26,"column":4},"end":{"line":26,"column":5}},"loc":{"start":{"line":26,"column":15},"end":{"line":28,"column":5}},"line":26},"3":{"name":"(anonymous_3)","decl":{"start":{"line":30,"column":4},"end":{"line":30,"column":5}},"loc":{"start":{"line":30,"column":20},"end":{"line":36,"column":5}},"line":30},"4":{"name":"(anonymous_4)","decl":{"start":{"line":38,"column":4},"end":{"line":38,"column":5}},"loc":{"start":{"line":38,"column":17},"end":{"line":40,"column":5}},"line":38},"5":{"name":"(anonymous_5)","decl":{"start":{"line":42,"column":4},"end":{"line":42,"column":5}},"loc":{"start":{"line":42,"column":22},"end":{"line":48,"column":5}},"line":42},"6":{"name":"(anonymous_6)","decl":{"start":{"line":50,"column":4},"end":{"line":50,"column":5}},"loc":{"start":{"line":50,"column":18},"end":{"line":52,"column":5}},"line":50},"7":{"name":"(anonymous_7)","decl":{"start":{"line":54,"column":4},"end":{"line":54,"column":5}},"loc":{"start":{"line":54,"column":23},"end":{"line":60,"column":5}},"line":54},"8":{"name":"(anonymous_8)","decl":{"start":{"line":62,"column":4},"end":{"line":62,"column":5}},"loc":{"start":{"line":62,"column":17},"end":{"line":64,"column":5}},"line":62},"9":{"name":"(anonymous_9)","decl":{"start":{"line":66,"column":4},"end":{"line":66,"column":5}},"loc":{"start":{"line":66,"column":23},"end":{"line":68,"column":5}},"line":66},"10":{"name":"setValues","decl":{"start":{"line":76,"column":9},"end":{"line":76,"column":18}},"loc":{"start":{"line":76,"column":22},"end":{"line":91,"column":1}},"line":76},"11":{"name":"(anonymous_11)","decl":{"start":{"line":93,"column":32},"end":{"line":93,"column":33}},"loc":{"start":{"line":93,"column":44},"end":{"line":95,"column":1}},"line":93}},"branchMap":{"0":{"loc":{"start":{"line":32,"column":8},"end":{"line":35,"column":9}},"type":"if","locations":[{"start":{"line":32,"column":8},"end":{"line":35,"column":9}},{"start":{},"end":{}}],"line":32},"1":{"loc":{"start":{"line":44,"column":8},"end":{"line":47,"column":9}},"type":"if","locations":[{"start":{"line":44,"column":8},"end":{"line":47,"column":9}},{"start":{},"end":{}}],"line":44},"2":{"loc":{"start":{"line":56,"column":8},"end":{"line":59,"column":9}},"type":"if","locations":[{"start":{"line":56,"column":8},"end":{"line":59,"column":9}},{"start":{},"end":{}}],"line":56},"3":{"loc":{"start":{"line":78,"column":4},"end":{"line":90,"column":5}},"type":"if","locations":[{"start":{"line":78,"column":4},"end":{"line":90,"column":5}},{"start":{"line":84,"column":11},"end":{"line":90,"column":5}}],"line":78},"4":{"loc":{"start":{"line":79,"column":8},"end":{"line":83,"column":9}},"type":"if","locations":[{"start":{"line":79,"column":8},"end":{"line":83,"column":9}},{"start":{"line":81,"column":15},"end":{"line":83,"column":9}}],"line":79},"5":{"loc":{"start":{"line":85,"column":8},"end":{"line":89,"column":9}},"type":"if","locations":[{"start":{"line":85,"column":8},"end":{"line":89,"column":9}},{"start":{"line":87,"column":15},"end":{"line":89,"column":9}}],"line":85}},"s":{"0":1,"1":1,"2":1,"3":34,"4":34,"5":34,"6":40,"7":6,"8":6,"9":6,"10":3,"11":3,"12":47,"13":4,"14":4,"15":2,"16":2,"17":47,"18":4,"19":4,"20":2,"21":2,"22":51,"23":7,"24":41,"25":41,"26":22,"27":20,"28":2,"29":19,"30":17,"31":2,"32":1,"33":16,"34":1},"f":{"0":34,"1":40,"2":6,"3":6,"4":47,"5":4,"6":47,"7":4,"8":51,"9":7,"10":41,"11":16},"b":{"0":[3,3],"1":[2,2],"2":[2,2],"3":[22,19],"4":[20,2],"5":[17,2]},"_coverageSchema":"1a1c01bbd47fc00a2c39e90264f33305004495a9","hash":"4b93b4b3cb6bc5319d811ec5e4b0e0cf1b9a0c8c","contentHash":"ad5ff08fa2731605b60ef4b8630d8fb5a4d77a01195c4f58cb26ce22599fa542"},"C:\\Projects\\pg-promise\\lib\\inner-state.js":{"path":"C:\\Projects\\pg-promise\\lib\\inner-state.js","statementMap":{"0":{"start":{"line":1,"column":22},"end":{"line":1,"column":40}},"1":{"start":{"line":13,"column":8},"end":{"line":13,"column":46}},"2":{"start":{"line":14,"column":8},"end":{"line":16,"column":9}},"3":{"start":{"line":15,"column":12},"end":{"line":15,"column":43}},"4":{"start":{"line":25,"column":8},"end":{"line":30,"column":9}},"5":{"start":{"line":27,"column":12},"end":{"line":29,"column":13}},"6":{"start":{"line":28,"column":16},"end":{"line":28,"column":42}},"7":{"start":{"line":39,"column":0},"end":{"line":39,"column":30}}},"fnMap":{"0":{"name":"(anonymous_0)","decl":{"start":{"line":12,"column":4},"end":{"line":12,"column":5}},"loc":{"start":{"line":12,"column":30},"end":{"line":17,"column":5}},"line":12},"1":{"name":"(anonymous_1)","decl":{"start":{"line":24,"column":4},"end":{"line":24,"column":5}},"loc":{"start":{"line":24,"column":23},"end":{"line":31,"column":5}},"line":24}},"branchMap":{"0":{"loc":{"start":{"line":14,"column":8},"end":{"line":16,"column":9}},"type":"if","locations":[{"start":{"line":14,"column":8},"end":{"line":16,"column":9}},{"start":{},"end":{}}],"line":14},"1":{"loc":{"start":{"line":14,"column":12},"end":{"line":14,"column":60}},"type":"binary-expr","locations":[{"start":{"line":14,"column":12},"end":{"line":14,"column":24}},{"start":{"line":14,"column":28},"end":{"line":14,"column":60}}],"line":14},"2":{"loc":{"start":{"line":27,"column":12},"end":{"line":29,"column":13}},"type":"if","locations":[{"start":{"line":27,"column":12},"end":{"line":29,"column":13}}],"line":27}},"s":{"0":1,"1":299,"2":299,"3":70,"4":274,"5":1028,"6":1028,"7":1},"f":{"0":299,"1":274},"b":{"0":[70,229],"1":[299,70],"2":[1028]},"_coverageSchema":"1a1c01bbd47fc00a2c39e90264f33305004495a9","hash":"a6200c2356a5002a810f9102c875ba2f3020917d","contentHash":"bfd8cd0d8ef2f396672fe42223c68e018b685790cf1a33a783355824968cd642"},"C:\\Projects\\pg-promise\\lib\\types\\prepared-statement.js":{"path":"C:\\Projects\\pg-promise\\lib\\types\\prepared-statement.js","statementMap":{"0":{"start":{"line":10,"column":27},"end":{"line":10,"column":57}},"1":{"start":{"line":11,"column":33},"end":{"line":11,"column":53}},"2":{"start":{"line":12,"column":20},"end":{"line":12,"column":44}},"3":{"start":{"line":13,"column":17},"end":{"line":13,"column":37}},"4":{"start":{"line":15,"column":12},"end":{"line":18,"column":1}},"5":{"start":{"line":93,"column":8},"end":{"line":93,"column":100}},"6":{"start":{"line":94,"column":8},"end":{"line":94,"column":23}},"7":{"start":{"line":105,"column":8},"end":{"line":105,"column":40}},"8":{"start":{"line":109,"column":19},"end":{"line":109,"column":30}},"9":{"start":{"line":110,"column":8},"end":{"line":113,"column":9}},"10":{"start":{"line":111,"column":12},"end":{"line":111,"column":36}},"11":{"start":{"line":112,"column":12},"end":{"line":112,"column":30}},"12":{"start":{"line":124,"column":8},"end":{"line":124,"column":40}},"13":{"start":{"line":128,"column":19},"end":{"line":128,"column":30}},"14":{"start":{"line":129,"column":8},"end":{"line":132,"column":9}},"15":{"start":{"line":130,"column":12},"end":{"line":130,"column":36}},"16":{"start":{"line":131,"column":12},"end":{"line":131,"column":30}},"17":{"start":{"line":146,"column":0},"end":{"line":207,"column":2}},"18":{"start":{"line":148,"column":15},"end":{"line":148,"column":26}},"19":{"start":{"line":148,"column":38},"end":{"line":148,"column":48}},"20":{"start":{"line":150,"column":15},"end":{"line":150,"column":70}},"21":{"start":{"line":152,"column":4},"end":{"line":154,"column":5}},"22":{"start":{"line":153,"column":8},"end":{"line":153,"column":25}},"23":{"start":{"line":156,"column":19},"end":{"line":156,"column":21}},"24":{"start":{"line":156,"column":32},"end":{"line":156,"column":48}},"25":{"start":{"line":157,"column":4},"end":{"line":160,"column":6}},"26":{"start":{"line":161,"column":4},"end":{"line":161,"column":22}},"27":{"start":{"line":162,"column":4},"end":{"line":162,"column":32}},"28":{"start":{"line":164,"column":4},"end":{"line":166,"column":5}},"29":{"start":{"line":165,"column":8},"end":{"line":165,"column":74}},"30":{"start":{"line":168,"column":4},"end":{"line":175,"column":5}},"31":{"start":{"line":169,"column":8},"end":{"line":169,"column":21}},"32":{"start":{"line":170,"column":8},"end":{"line":174,"column":9}},"33":{"start":{"line":171,"column":12},"end":{"line":171,"column":34}},"34":{"start":{"line":173,"column":12},"end":{"line":173,"column":50}},"35":{"start":{"line":176,"column":4},"end":{"line":178,"column":5}},"36":{"start":{"line":177,"column":8},"end":{"line":177,"column":74}},"37":{"start":{"line":180,"column":4},"end":{"line":182,"column":5}},"38":{"start":{"line":181,"column":8},"end":{"line":181,"column":34}},"39":{"start":{"line":184,"column":4},"end":{"line":186,"column":5}},"40":{"start":{"line":185,"column":8},"end":{"line":185,"column":44}},"41":{"start":{"line":188,"column":4},"end":{"line":190,"column":5}},"42":{"start":{"line":189,"column":8},"end":{"line":189,"column":44}},"43":{"start":{"line":192,"column":4},"end":{"line":194,"column":5}},"44":{"start":{"line":193,"column":8},"end":{"line":193,"column":38}},"45":{"start":{"line":196,"column":4},"end":{"line":198,"column":5}},"46":{"start":{"line":197,"column":8},"end":{"line":197,"column":40}},"47":{"start":{"line":200,"column":4},"end":{"line":202,"column":5}},"48":{"start":{"line":201,"column":8},"end":{"line":201,"column":82}},"49":{"start":{"line":204,"column":4},"end":{"line":204,"column":23}},"50":{"start":{"line":206,"column":4},"end":{"line":206,"column":21}},"51":{"start":{"line":221,"column":0},"end":{"line":249,"column":2}},"52":{"start":{"line":222,"column":4},"end":{"line":222,"column":44}},"53":{"start":{"line":223,"column":16},"end":{"line":223,"column":47}},"54":{"start":{"line":224,"column":15},"end":{"line":224,"column":27}},"55":{"start":{"line":225,"column":18},"end":{"line":228,"column":5}},"56":{"start":{"line":229,"column":4},"end":{"line":231,"column":5}},"57":{"start":{"line":230,"column":8},"end":{"line":230,"column":52}},"58":{"start":{"line":232,"column":4},"end":{"line":234,"column":5}},"59":{"start":{"line":233,"column":8},"end":{"line":233,"column":69}},"60":{"start":{"line":235,"column":4},"end":{"line":237,"column":5}},"61":{"start":{"line":236,"column":8},"end":{"line":236,"column":69}},"62":{"start":{"line":238,"column":4},"end":{"line":240,"column":5}},"63":{"start":{"line":239,"column":8},"end":{"line":239,"column":71}},"64":{"start":{"line":241,"column":4},"end":{"line":243,"column":5}},"65":{"start":{"line":242,"column":8},"end":{"line":242,"column":65}},"66":{"start":{"line":244,"column":4},"end":{"line":246,"column":5}},"67":{"start":{"line":245,"column":8},"end":{"line":245,"column":69}},"68":{"start":{"line":247,"column":4},"end":{"line":247,"column":50}},"69":{"start":{"line":248,"column":4},"end":{"line":248,"column":31}},"70":{"start":{"line":251,"column":0},"end":{"line":251,"column":37}}},"fnMap":{"0":{"name":"(anonymous_0)","decl":{"start":{"line":92,"column":4},"end":{"line":92,"column":5}},"loc":{"start":{"line":92,"column":25},"end":{"line":95,"column":5}},"line":92},"1":{"name":"(anonymous_1)","decl":{"start":{"line":104,"column":4},"end":{"line":104,"column":5}},"loc":{"start":{"line":104,"column":15},"end":{"line":106,"column":5}},"line":104},"2":{"name":"(anonymous_2)","decl":{"start":{"line":108,"column":4},"end":{"line":108,"column":5}},"loc":{"start":{"line":108,"column":20},"end":{"line":114,"column":5}},"line":108},"3":{"name":"(anonymous_3)","decl":{"start":{"line":123,"column":4},"end":{"line":123,"column":5}},"loc":{"start":{"line":123,"column":15},"end":{"line":125,"column":5}},"line":123},"4":{"name":"(anonymous_4)","decl":{"start":{"line":127,"column":4},"end":{"line":127,"column":5}},"loc":{"start":{"line":127,"column":20},"end":{"line":133,"column":5}},"line":127},"5":{"name":"(anonymous_5)","decl":{"start":{"line":146,"column":36},"end":{"line":146,"column":37}},"loc":{"start":{"line":146,"column":48},"end":{"line":207,"column":1}},"line":146},"6":{"name":"(anonymous_6)","decl":{"start":{"line":221,"column":39},"end":{"line":221,"column":40}},"loc":{"start":{"line":221,"column":56},"end":{"line":249,"column":1}},"line":221}},"branchMap":{"0":{"loc":{"start":{"line":110,"column":8},"end":{"line":113,"column":9}},"type":"if","locations":[{"start":{"line":110,"column":8},"end":{"line":113,"column":9}},{"start":{},"end":{}}],"line":110},"1":{"loc":{"start":{"line":129,"column":8},"end":{"line":132,"column":9}},"type":"if","locations":[{"start":{"line":129,"column":8},"end":{"line":132,"column":9}},{"start":{},"end":{}}],"line":129},"2":{"loc":{"start":{"line":150,"column":15},"end":{"line":150,"column":70}},"type":"cond-expr","locations":[{"start":{"line":150,"column":51},"end":{"line":150,"column":63}},{"start":{"line":150,"column":66},"end":{"line":150,"column":70}}],"line":150},"3":{"loc":{"start":{"line":152,"column":4},"end":{"line":154,"column":5}},"type":"if","locations":[{"start":{"line":152,"column":4},"end":{"line":154,"column":5}},{"start":{},"end":{}}],"line":152},"4":{"loc":{"start":{"line":152,"column":8},"end":{"line":152,"column":26}},"type":"binary-expr","locations":[{"start":{"line":152,"column":8},"end":{"line":152,"column":19}},{"start":{"line":152,"column":23},"end":{"line":152,"column":26}}],"line":152},"5":{"loc":{"start":{"line":164,"column":4},"end":{"line":166,"column":5}},"type":"if","locations":[{"start":{"line":164,"column":4},"end":{"line":166,"column":5}},{"start":{},"end":{}}],"line":164},"6":{"loc":{"start":{"line":168,"column":4},"end":{"line":175,"column":5}},"type":"if","locations":[{"start":{"line":168,"column":4},"end":{"line":175,"column":5}},{"start":{},"end":{}}],"line":168},"7":{"loc":{"start":{"line":170,"column":8},"end":{"line":174,"column":9}},"type":"if","locations":[{"start":{"line":170,"column":8},"end":{"line":174,"column":9}},{"start":{"line":172,"column":15},"end":{"line":174,"column":9}}],"line":170},"8":{"loc":{"start":{"line":176,"column":4},"end":{"line":178,"column":5}},"type":"if","locations":[{"start":{"line":176,"column":4},"end":{"line":178,"column":5}},{"start":{},"end":{}}],"line":176},"9":{"loc":{"start":{"line":180,"column":4},"end":{"line":182,"column":5}},"type":"if","locations":[{"start":{"line":180,"column":4},"end":{"line":182,"column":5}},{"start":{},"end":{}}],"line":180},"10":{"loc":{"start":{"line":184,"column":4},"end":{"line":186,"column":5}},"type":"if","locations":[{"start":{"line":184,"column":4},"end":{"line":186,"column":5}},{"start":{},"end":{}}],"line":184},"11":{"loc":{"start":{"line":188,"column":4},"end":{"line":190,"column":5}},"type":"if","locations":[{"start":{"line":188,"column":4},"end":{"line":190,"column":5}},{"start":{},"end":{}}],"line":188},"12":{"loc":{"start":{"line":192,"column":4},"end":{"line":194,"column":5}},"type":"if","locations":[{"start":{"line":192,"column":4},"end":{"line":194,"column":5}},{"start":{},"end":{}}],"line":192},"13":{"loc":{"start":{"line":196,"column":4},"end":{"line":198,"column":5}},"type":"if","locations":[{"start":{"line":196,"column":4},"end":{"line":198,"column":5}},{"start":{},"end":{}}],"line":196},"14":{"loc":{"start":{"line":200,"column":4},"end":{"line":202,"column":5}},"type":"if","locations":[{"start":{"line":200,"column":4},"end":{"line":202,"column":5}},{"start":{},"end":{}}],"line":200},"15":{"loc":{"start":{"line":222,"column":12},"end":{"line":222,"column":43}},"type":"cond-expr","locations":[{"start":{"line":222,"column":24},"end":{"line":222,"column":39}},{"start":{"line":222,"column":42},"end":{"line":222,"column":43}}],"line":222},"16":{"loc":{"start":{"line":229,"column":4},"end":{"line":231,"column":5}},"type":"if","locations":[{"start":{"line":229,"column":4},"end":{"line":231,"column":5}},{"start":{},"end":{}}],"line":229},"17":{"loc":{"start":{"line":232,"column":4},"end":{"line":234,"column":5}},"type":"if","locations":[{"start":{"line":232,"column":4},"end":{"line":234,"column":5}},{"start":{},"end":{}}],"line":232},"18":{"loc":{"start":{"line":235,"column":4},"end":{"line":237,"column":5}},"type":"if","locations":[{"start":{"line":235,"column":4},"end":{"line":237,"column":5}},{"start":{},"end":{}}],"line":235},"19":{"loc":{"start":{"line":238,"column":4},"end":{"line":240,"column":5}},"type":"if","locations":[{"start":{"line":238,"column":4},"end":{"line":240,"column":5}},{"start":{},"end":{}}],"line":238},"20":{"loc":{"start":{"line":241,"column":4},"end":{"line":243,"column":5}},"type":"if","locations":[{"start":{"line":241,"column":4},"end":{"line":243,"column":5}},{"start":{},"end":{}}],"line":241},"21":{"loc":{"start":{"line":244,"column":4},"end":{"line":246,"column":5}},"type":"if","locations":[{"start":{"line":244,"column":4},"end":{"line":246,"column":5}},{"start":{},"end":{}}],"line":244}},"s":{"0":1,"1":1,"2":1,"3":1,"4":1,"5":17,"6":17,"7":20,"8":4,"9":4,"10":2,"11":2,"12":23,"13":2,"14":2,"15":1,"16":1,"17":1,"18":36,"19":36,"20":36,"21":36,"22":9,"23":27,"24":27,"25":27,"26":27,"27":27,"28":27,"29":3,"30":27,"31":6,"32":6,"33":3,"34":3,"35":27,"36":4,"37":27,"38":13,"39":27,"40":8,"41":27,"42":8,"43":27,"44":8,"45":27,"46":0,"47":27,"48":7,"49":20,"50":20,"51":1,"52":16,"53":16,"54":16,"55":16,"56":16,"57":12,"58":16,"59":8,"60":16,"61":6,"62":16,"63":6,"64":16,"65":6,"66":16,"67":4,"68":16,"69":16,"70":1},"f":{"0":17,"1":20,"2":4,"3":23,"4":2,"5":36,"6":16},"b":{"0":[2,2],"1":[1,1],"2":[6,30],"3":[9,27],"4":[36,11],"5":[3,24],"6":[6,21],"7":[3,3],"8":[4,23],"9":[13,14],"10":[8,19],"11":[8,19],"12":[8,19],"13":[0,27],"14":[7,20],"15":[1,15],"16":[12,4],"17":[8,8],"18":[6,10],"19":[6,10],"20":[6,10],"21":[4,12]},"_coverageSchema":"1a1c01bbd47fc00a2c39e90264f33305004495a9","hash":"3692cc73123468a13f1b5db61c162738244a2311","contentHash":"f7cd5514ec2069d34df5702b8665090f39143b8793e8a378f0feb254ad06e546"},"C:\\Projects\\pg-promise\\lib\\errors\\index.js":{"path":"C:\\Projects\\pg-promise\\lib\\errors\\index.js","statementMap":{"0":{"start":{"line":10,"column":49},"end":{"line":10,"column":80}},"1":{"start":{"line":11,"column":33},"end":{"line":11,"column":70}},"2":{"start":{"line":12,"column":34},"end":{"line":12,"column":72}},"3":{"start":{"line":13,"column":25},"end":{"line":13,"column":54}},"4":{"start":{"line":45,"column":0},"end":{"line":51,"column":2}}},"fnMap":{},"branchMap":{},"s":{"0":1,"1":1,"2":1,"3":1,"4":1},"f":{},"b":{},"_coverageSchema":"1a1c01bbd47fc00a2c39e90264f33305004495a9","hash":"2187a5ff9c7b95129a1b2a0a0a0687470dfb675f","contentHash":"733d0bb1d1d7a512af8994b7c6a07a3a671f0370ed0355b46a1535365b6eace5"},"C:\\Projects\\pg-promise\\lib\\errors\\query-result-error.js":{"path":"C:\\Projects\\pg-promise\\lib\\errors\\query-result-error.js","statementMap":{"0":{"start":{"line":10,"column":12},"end":{"line":14,"column":1}},"1":{"start":{"line":27,"column":29},"end":{"line":36,"column":1}},"2":{"start":{"line":38,"column":22},"end":{"line":42,"column":1}},"3":{"start":{"line":128,"column":24},"end":{"line":128,"column":51}},"4":{"start":{"line":129,"column":8},"end":{"line":129,"column":23}},"5":{"start":{"line":130,"column":8},"end":{"line":130,"column":42}},"6":{"start":{"line":131,"column":8},"end":{"line":131,"column":25}},"7":{"start":{"line":132,"column":8},"end":{"line":132,"column":29}},"8":{"start":{"line":133,"column":8},"end":{"line":133,"column":27}},"9":{"start":{"line":134,"column":8},"end":{"line":134,"column":29}},"10":{"start":{"line":135,"column":8},"end":{"line":135,"column":43}},"11":{"start":{"line":136,"column":8},"end":{"line":136,"column":56}},"12":{"start":{"line":152,"column":0},"end":{"line":168,"column":2}},"13":{"start":{"line":153,"column":4},"end":{"line":153,"column":44}},"14":{"start":{"line":154,"column":17},"end":{"line":154,"column":44}},"15":{"start":{"line":155,"column":15},"end":{"line":155,"column":46}},"16":{"start":{"line":156,"column":16},"end":{"line":162,"column":9}},"17":{"start":{"line":163,"column":4},"end":{"line":165,"column":5}},"18":{"start":{"line":164,"column":8},"end":{"line":164,"column":70}},"19":{"start":{"line":166,"column":4},"end":{"line":166,"column":27}},"20":{"start":{"line":167,"column":4},"end":{"line":167,"column":34}},"21":{"start":{"line":170,"column":0},"end":{"line":172,"column":3}},"22":{"start":{"line":171,"column":4},"end":{"line":171,"column":27}},"23":{"start":{"line":174,"column":0},"end":{"line":177,"column":2}}},"fnMap":{"0":{"name":"(anonymous_0)","decl":{"start":{"line":127,"column":4},"end":{"line":127,"column":5}},"loc":{"start":{"line":127,"column":45},"end":{"line":137,"column":5}},"line":127},"1":{"name":"(anonymous_1)","decl":{"start":{"line":152,"column":38},"end":{"line":152,"column":39}},"loc":{"start":{"line":152,"column":55},"end":{"line":168,"column":1}},"line":152},"2":{"name":"(anonymous_2)","decl":{"start":{"line":170,"column":42},"end":{"line":170,"column":43}},"loc":{"start":{"line":170,"column":54},"end":{"line":172,"column":1}},"line":170}},"branchMap":{"0":{"loc":{"start":{"line":153,"column":12},"end":{"line":153,"column":43}},"type":"cond-expr","locations":[{"start":{"line":153,"column":24},"end":{"line":153,"column":39}},{"start":{"line":153,"column":42},"end":{"line":153,"column":43}}],"line":153},"1":{"loc":{"start":{"line":161,"column":32},"end":{"line":161,"column":118}},"type":"cond-expr","locations":[{"start":{"line":161,"column":65},"end":{"line":161,"column":87}},{"start":{"line":161,"column":90},"end":{"line":161,"column":118}}],"line":161},"2":{"loc":{"start":{"line":163,"column":4},"end":{"line":165,"column":5}},"type":"if","locations":[{"start":{"line":163,"column":4},"end":{"line":165,"column":5}},{"start":{},"end":{}}],"line":163}},"s":{"0":1,"1":1,"2":1,"3":16,"4":16,"5":16,"6":16,"7":16,"8":16,"9":16,"10":16,"11":16,"12":1,"13":8,"14":8,"15":8,"16":8,"17":8,"18":2,"19":8,"20":8,"21":1,"22":4,"23":1},"f":{"0":16,"1":8,"2":4},"b":{"0":[2,6],"1":[6,2],"2":[2,6]},"_coverageSchema":"1a1c01bbd47fc00a2c39e90264f33305004495a9","hash":"e6053c587b77eb50da4860fb4c7ea18ecd2276ee","contentHash":"6cb5523178a24500a4b70f12f80cbdeadfe8d31109f8495bad2374baee593523"},"C:\\Projects\\pg-promise\\lib\\text.js":{"path":"C:\\Projects\\pg-promise\\lib\\text.js","statementMap":{"0":{"start":{"line":12,"column":22},"end":{"line":13,"column":39}},"1":{"start":{"line":15,"column":0},"end":{"line":40,"column":2}}},"fnMap":{},"branchMap":{},"s":{"0":1,"1":1},"f":{},"b":{},"_coverageSchema":"1a1c01bbd47fc00a2c39e90264f33305004495a9","hash":"6e0ae0d84d8c202c91ae43b619b9864970b718ee","contentHash":"e83004272062acdef421a62d54b2ccc109f30cbcb3241024e66f1382b09cf7db"},"C:\\Projects\\pg-promise\\lib\\errors\\prepared-statement-error.js":{"path":"C:\\Projects\\pg-promise\\lib\\errors\\prepared-statement-error.js","statementMap":{"0":{"start":{"line":10,"column":25},"end":{"line":10,"column":54}},"1":{"start":{"line":12,"column":12},"end":{"line":15,"column":1}},"2":{"start":{"line":47,"column":33},"end":{"line":47,"column":64}},"3":{"start":{"line":48,"column":24},"end":{"line":48,"column":100}},"4":{"start":{"line":49,"column":8},"end":{"line":49,"column":23}},"5":{"start":{"line":50,"column":8},"end":{"line":50,"column":42}},"6":{"start":{"line":51,"column":8},"end":{"line":53,"column":9}},"7":{"start":{"line":52,"column":12},"end":{"line":52,"column":31}},"8":{"start":{"line":54,"column":8},"end":{"line":54,"column":25}},"9":{"start":{"line":55,"column":8},"end":{"line":55,"column":56}},"10":{"start":{"line":71,"column":0},"end":{"line":90,"column":2}},"11":{"start":{"line":72,"column":4},"end":{"line":72,"column":44}},"12":{"start":{"line":73,"column":17},"end":{"line":73,"column":44}},"13":{"start":{"line":74,"column":15},"end":{"line":74,"column":46}},"14":{"start":{"line":75,"column":15},"end":{"line":75,"column":46}},"15":{"start":{"line":76,"column":16},"end":{"line":84,"column":9}},"16":{"start":{"line":85,"column":4},"end":{"line":87,"column":5}},"17":{"start":{"line":86,"column":8},"end":{"line":86,"column":70}},"18":{"start":{"line":88,"column":4},"end":{"line":88,"column":27}},"19":{"start":{"line":89,"column":4},"end":{"line":89,"column":34}},"20":{"start":{"line":92,"column":0},"end":{"line":94,"column":3}},"21":{"start":{"line":93,"column":4},"end":{"line":93,"column":27}},"22":{"start":{"line":96,"column":0},"end":{"line":96,"column":42}}},"fnMap":{"0":{"name":"(anonymous_0)","decl":{"start":{"line":46,"column":4},"end":{"line":46,"column":5}},"loc":{"start":{"line":46,"column":27},"end":{"line":56,"column":5}},"line":46},"1":{"name":"(anonymous_1)","decl":{"start":{"line":71,"column":44},"end":{"line":71,"column":45}},"loc":{"start":{"line":71,"column":61},"end":{"line":90,"column":1}},"line":71},"2":{"name":"(anonymous_2)","decl":{"start":{"line":92,"column":48},"end":{"line":92,"column":49}},"loc":{"start":{"line":92,"column":60},"end":{"line":94,"column":1}},"line":92}},"branchMap":{"0":{"loc":{"start":{"line":48,"column":24},"end":{"line":48,"column":100}},"type":"cond-expr","locations":[{"start":{"line":48,"column":43},"end":{"line":48,"column":92}},{"start":{"line":48,"column":95},"end":{"line":48,"column":100}}],"line":48},"1":{"loc":{"start":{"line":51,"column":8},"end":{"line":53,"column":9}},"type":"if","locations":[{"start":{"line":51,"column":8},"end":{"line":53,"column":9}},{"start":{},"end":{}}],"line":51},"2":{"loc":{"start":{"line":72,"column":12},"end":{"line":72,"column":43}},"type":"cond-expr","locations":[{"start":{"line":72,"column":24},"end":{"line":72,"column":39}},{"start":{"line":72,"column":42},"end":{"line":72,"column":43}}],"line":72},"3":{"loc":{"start":{"line":85,"column":4},"end":{"line":87,"column":5}},"type":"if","locations":[{"start":{"line":85,"column":4},"end":{"line":87,"column":5}},{"start":{},"end":{}}],"line":85}},"s":{"0":1,"1":1,"2":7,"3":7,"4":7,"5":7,"6":7,"7":3,"8":7,"9":7,"10":1,"11":6,"12":6,"13":6,"14":6,"15":6,"16":6,"17":2,"18":6,"19":6,"20":1,"21":1,"22":1},"f":{"0":7,"1":6,"2":1},"b":{"0":[3,4],"1":[3,4],"2":[4,2],"3":[2,4]},"_coverageSchema":"1a1c01bbd47fc00a2c39e90264f33305004495a9","hash":"dff06517f796100b41daebcbade41b80c78e07b6","contentHash":"c891cedd4fee2367b469a8843874a9c909a162cc6445d58b63c3d0974f9bc488"},"C:\\Projects\\pg-promise\\lib\\errors\\query-file-error.js":{"path":"C:\\Projects\\pg-promise\\lib\\errors\\query-file-error.js","statementMap":{"0":{"start":{"line":10,"column":12},"end":{"line":14,"column":1}},"1":{"start":{"line":49,"column":27},"end":{"line":49,"column":70}},"2":{"start":{"line":50,"column":24},"end":{"line":50,"column":79}},"3":{"start":{"line":51,"column":8},"end":{"line":51,"column":23}},"4":{"start":{"line":52,"column":8},"end":{"line":52,"column":42}},"5":{"start":{"line":53,"column":8},"end":{"line":55,"column":9}},"6":{"start":{"line":54,"column":12},"end":{"line":54,"column":31}},"7":{"start":{"line":56,"column":8},"end":{"line":56,"column":28}},"8":{"start":{"line":57,"column":8},"end":{"line":57,"column":34}},"9":{"start":{"line":58,"column":8},"end":{"line":58,"column":56}},"10":{"start":{"line":74,"column":0},"end":{"line":89,"column":2}},"11":{"start":{"line":75,"column":4},"end":{"line":75,"column":44}},"12":{"start":{"line":76,"column":17},"end":{"line":76,"column":44}},"13":{"start":{"line":77,"column":15},"end":{"line":77,"column":46}},"14":{"start":{"line":78,"column":16},"end":{"line":83,"column":9}},"15":{"start":{"line":84,"column":4},"end":{"line":86,"column":5}},"16":{"start":{"line":85,"column":8},"end":{"line":85,"column":70}},"17":{"start":{"line":87,"column":4},"end":{"line":87,"column":27}},"18":{"start":{"line":88,"column":4},"end":{"line":88,"column":34}},"19":{"start":{"line":91,"column":0},"end":{"line":93,"column":3}},"20":{"start":{"line":92,"column":4},"end":{"line":92,"column":27}},"21":{"start":{"line":95,"column":0},"end":{"line":95,"column":34}}},"fnMap":{"0":{"name":"(anonymous_0)","decl":{"start":{"line":48,"column":4},"end":{"line":48,"column":5}},"loc":{"start":{"line":48,"column":27},"end":{"line":59,"column":5}},"line":48},"1":{"name":"(anonymous_1)","decl":{"start":{"line":74,"column":36},"end":{"line":74,"column":37}},"loc":{"start":{"line":74,"column":53},"end":{"line":89,"column":1}},"line":74},"2":{"name":"(anonymous_2)","decl":{"start":{"line":91,"column":40},"end":{"line":91,"column":41}},"loc":{"start":{"line":91,"column":52},"end":{"line":93,"column":1}},"line":91}},"branchMap":{"0":{"loc":{"start":{"line":50,"column":24},"end":{"line":50,"column":79}},"type":"cond-expr","locations":[{"start":{"line":50,"column":37},"end":{"line":50,"column":63}},{"start":{"line":50,"column":66},"end":{"line":50,"column":79}}],"line":50},"1":{"loc":{"start":{"line":53,"column":8},"end":{"line":55,"column":9}},"type":"if","locations":[{"start":{"line":53,"column":8},"end":{"line":55,"column":9}},{"start":{},"end":{}}],"line":53},"2":{"loc":{"start":{"line":75,"column":12},"end":{"line":75,"column":43}},"type":"cond-expr","locations":[{"start":{"line":75,"column":24},"end":{"line":75,"column":39}},{"start":{"line":75,"column":42},"end":{"line":75,"column":43}}],"line":75},"3":{"loc":{"start":{"line":84,"column":4},"end":{"line":86,"column":5}},"type":"if","locations":[{"start":{"line":84,"column":4},"end":{"line":86,"column":5}},{"start":{},"end":{}}],"line":84}},"s":{"0":1,"1":19,"2":19,"3":19,"4":19,"5":19,"6":4,"7":19,"8":19,"9":19,"10":1,"11":10,"12":10,"13":10,"14":10,"15":10,"16":4,"17":10,"18":10,"19":1,"20":1,"21":1},"f":{"0":19,"1":10,"2":1},"b":{"0":[4,15],"1":[4,15],"2":[8,2],"3":[4,6]},"_coverageSchema":"1a1c01bbd47fc00a2c39e90264f33305004495a9","hash":"f89c03e1c9ae02b4b1aca148b13543aed191f819","contentHash":"ee9fe1f026deed38cab172f3630733dcfac3548d66e4b45ae8f97a0bbd4e53c7"},"C:\\Projects\\pg-promise\\lib\\errors\\parameterized-query-error.js":{"path":"C:\\Projects\\pg-promise\\lib\\errors\\parameterized-query-error.js","statementMap":{"0":{"start":{"line":10,"column":25},"end":{"line":10,"column":54}},"1":{"start":{"line":12,"column":12},"end":{"line":15,"column":1}},"2":{"start":{"line":47,"column":33},"end":{"line":47,"column":64}},"3":{"start":{"line":48,"column":24},"end":{"line":48,"column":100}},"4":{"start":{"line":49,"column":8},"end":{"line":49,"column":23}},"5":{"start":{"line":50,"column":8},"end":{"line":50,"column":42}},"6":{"start":{"line":51,"column":8},"end":{"line":53,"column":9}},"7":{"start":{"line":52,"column":12},"end":{"line":52,"column":31}},"8":{"start":{"line":54,"column":8},"end":{"line":54,"column":25}},"9":{"start":{"line":55,"column":8},"end":{"line":55,"column":56}},"10":{"start":{"line":71,"column":0},"end":{"line":89,"column":2}},"11":{"start":{"line":72,"column":4},"end":{"line":72,"column":44}},"12":{"start":{"line":73,"column":17},"end":{"line":73,"column":44}},"13":{"start":{"line":74,"column":15},"end":{"line":74,"column":46}},"14":{"start":{"line":75,"column":15},"end":{"line":75,"column":46}},"15":{"start":{"line":76,"column":16},"end":{"line":83,"column":9}},"16":{"start":{"line":84,"column":4},"end":{"line":86,"column":5}},"17":{"start":{"line":85,"column":8},"end":{"line":85,"column":70}},"18":{"start":{"line":87,"column":4},"end":{"line":87,"column":27}},"19":{"start":{"line":88,"column":4},"end":{"line":88,"column":34}},"20":{"start":{"line":91,"column":0},"end":{"line":93,"column":3}},"21":{"start":{"line":92,"column":4},"end":{"line":92,"column":27}},"22":{"start":{"line":95,"column":0},"end":{"line":95,"column":43}}},"fnMap":{"0":{"name":"(anonymous_0)","decl":{"start":{"line":46,"column":4},"end":{"line":46,"column":5}},"loc":{"start":{"line":46,"column":27},"end":{"line":56,"column":5}},"line":46},"1":{"name":"(anonymous_1)","decl":{"start":{"line":71,"column":45},"end":{"line":71,"column":46}},"loc":{"start":{"line":71,"column":62},"end":{"line":89,"column":1}},"line":71},"2":{"name":"(anonymous_2)","decl":{"start":{"line":91,"column":49},"end":{"line":91,"column":50}},"loc":{"start":{"line":91,"column":61},"end":{"line":93,"column":1}},"line":91}},"branchMap":{"0":{"loc":{"start":{"line":48,"column":24},"end":{"line":48,"column":100}},"type":"cond-expr","locations":[{"start":{"line":48,"column":43},"end":{"line":48,"column":92}},{"start":{"line":48,"column":95},"end":{"line":48,"column":100}}],"line":48},"1":{"loc":{"start":{"line":51,"column":8},"end":{"line":53,"column":9}},"type":"if","locations":[{"start":{"line":51,"column":8},"end":{"line":53,"column":9}},{"start":{},"end":{}}],"line":51},"2":{"loc":{"start":{"line":72,"column":12},"end":{"line":72,"column":43}},"type":"cond-expr","locations":[{"start":{"line":72,"column":24},"end":{"line":72,"column":39}},{"start":{"line":72,"column":42},"end":{"line":72,"column":43}}],"line":72},"3":{"loc":{"start":{"line":84,"column":4},"end":{"line":86,"column":5}},"type":"if","locations":[{"start":{"line":84,"column":4},"end":{"line":86,"column":5}},{"start":{},"end":{}}],"line":84}},"s":{"0":1,"1":1,"2":6,"3":6,"4":6,"5":6,"6":6,"7":5,"8":6,"9":6,"10":1,"11":6,"12":6,"13":6,"14":6,"15":6,"16":6,"17":4,"18":6,"19":6,"20":1,"21":1,"22":1},"f":{"0":6,"1":6,"2":1},"b":{"0":[5,1],"1":[5,1],"2":[4,2],"3":[4,2]},"_coverageSchema":"1a1c01bbd47fc00a2c39e90264f33305004495a9","hash":"a82e38b1fee08289e83ef7ba989f9875f91ce16c","contentHash":"ec0120efc0a9d5ff95e889b6a24672afa2eddeba9444a23fa2b18b8378c6ef99"},"C:\\Projects\\pg-promise\\lib\\query-file.js":{"path":"C:\\Projects\\pg-promise\\lib\\query-file.js","statementMap":{"0":{"start":{"line":10,"column":21},"end":{"line":10,"column":45}},"1":{"start":{"line":11,"column":25},"end":{"line":11,"column":44}},"2":{"start":{"line":12,"column":17},"end":{"line":12,"column":36}},"3":{"start":{"line":13,"column":23},"end":{"line":13,"column":47}},"4":{"start":{"line":15,"column":12},"end":{"line":22,"column":1}},"5":{"start":{"line":24,"column":19},"end":{"line":24,"column":44}},"6":{"start":{"line":107,"column":23},"end":{"line":107,"column":27}},"7":{"start":{"line":109,"column":8},"end":{"line":115,"column":11}},"8":{"start":{"line":117,"column":8},"end":{"line":119,"column":9}},"9":{"start":{"line":118,"column":12},"end":{"line":118,"column":67}},"10":{"start":{"line":121,"column":27},"end":{"line":121,"column":45}},"11":{"start":{"line":133,"column":23},"end":{"line":141,"column":9}},"12":{"start":{"line":143,"column":8},"end":{"line":143,"column":22}},"13":{"start":{"line":145,"column":8},"end":{"line":145,"column":23}},"14":{"start":{"line":154,"column":18},"end":{"line":154,"column":50}},"15":{"start":{"line":155,"column":20},"end":{"line":155,"column":29}},"16":{"start":{"line":156,"column":8},"end":{"line":161,"column":9}},"17":{"start":{"line":157,"column":12},"end":{"line":159,"column":14}},"18":{"start":{"line":160,"column":12},"end":{"line":160,"column":30}},"19":{"start":{"line":162,"column":8},"end":{"line":162,"column":21}},"20":{"start":{"line":179,"column":8},"end":{"line":179,"column":31}},"21":{"start":{"line":191,"column":8},"end":{"line":191,"column":33}},"22":{"start":{"line":204,"column":8},"end":{"line":204,"column":32}},"23":{"start":{"line":217,"column":8},"end":{"line":217,"column":35}},"24":{"start":{"line":232,"column":18},"end":{"line":232,"column":29}},"25":{"start":{"line":232,"column":41},"end":{"line":232,"column":50}},"26":{"start":{"line":234,"column":8},"end":{"line":251,"column":9}},"27":{"start":{"line":235,"column":12},"end":{"line":250,"column":13}},"28":{"start":{"line":236,"column":16},"end":{"line":236,"column":70}},"29":{"start":{"line":238,"column":16},"end":{"line":240,"column":17}},"30":{"start":{"line":241,"column":16},"end":{"line":241,"column":32}},"31":{"start":{"line":243,"column":16},"end":{"line":243,"column":34}},"32":{"start":{"line":244,"column":16},"end":{"line":244,"column":32}},"33":{"start":{"line":245,"column":16},"end":{"line":245,"column":28}},"34":{"start":{"line":246,"column":16},"end":{"line":248,"column":17}},"35":{"start":{"line":247,"column":20},"end":{"line":247,"column":34}},"36":{"start":{"line":249,"column":16},"end":{"line":249,"column":23}},"37":{"start":{"line":252,"column":8},"end":{"line":254,"column":9}},"38":{"start":{"line":253,"column":12},"end":{"line":253,"column":19}},"39":{"start":{"line":255,"column":8},"end":{"line":275,"column":9}},"40":{"start":{"line":256,"column":12},"end":{"line":256,"column":60}},"41":{"start":{"line":257,"column":12},"end":{"line":257,"column":79}},"42":{"start":{"line":258,"column":12},"end":{"line":260,"column":13}},"43":{"start":{"line":259,"column":16},"end":{"line":259,"column":72}},"44":{"start":{"line":261,"column":12},"end":{"line":263,"column":13}},"45":{"start":{"line":262,"column":16},"end":{"line":262,"column":89}},"46":{"start":{"line":264,"column":12},"end":{"line":266,"column":13}},"47":{"start":{"line":265,"column":16},"end":{"line":265,"column":72}},"48":{"start":{"line":267,"column":12},"end":{"line":267,"column":27}},"49":{"start":{"line":268,"column":12},"end":{"line":268,"column":32}},"50":{"start":{"line":270,"column":12},"end":{"line":270,"column":30}},"51":{"start":{"line":271,"column":12},"end":{"line":271,"column":50}},"52":{"start":{"line":272,"column":12},"end":{"line":274,"column":13}},"53":{"start":{"line":273,"column":16},"end":{"line":273,"column":30}},"54":{"start":{"line":282,"column":0},"end":{"line":282,"column":30}},"55":{"start":{"line":307,"column":0},"end":{"line":311,"column":2}},"56":{"start":{"line":308,"column":4},"end":{"line":308,"column":53}},"57":{"start":{"line":309,"column":4},"end":{"line":309,"column":23}},"58":{"start":{"line":310,"column":4},"end":{"line":310,"column":34}},"59":{"start":{"line":313,"column":0},"end":{"line":313,"column":58}},"60":{"start":{"line":327,"column":0},"end":{"line":343,"column":2}},"61":{"start":{"line":328,"column":4},"end":{"line":328,"column":44}},"62":{"start":{"line":329,"column":16},"end":{"line":329,"column":47}},"63":{"start":{"line":330,"column":18},"end":{"line":332,"column":5}},"64":{"start":{"line":333,"column":4},"end":{"line":333,"column":19}},"65":{"start":{"line":334,"column":4},"end":{"line":334,"column":50}},"66":{"start":{"line":335,"column":4},"end":{"line":335,"column":67}},"67":{"start":{"line":336,"column":4},"end":{"line":340,"column":5}},"68":{"start":{"line":337,"column":8},"end":{"line":337,"column":69}},"69":{"start":{"line":339,"column":8},"end":{"line":339,"column":68}},"70":{"start":{"line":341,"column":4},"end":{"line":341,"column":50}},"71":{"start":{"line":342,"column":4},"end":{"line":342,"column":34}},"72":{"start":{"line":345,"column":0},"end":{"line":347,"column":3}},"73":{"start":{"line":346,"column":4},"end":{"line":346,"column":27}},"74":{"start":{"line":349,"column":0},"end":{"line":349,"column":29}}},"fnMap":{"0":{"name":"(anonymous_0)","decl":{"start":{"line":105,"column":4},"end":{"line":105,"column":5}},"loc":{"start":{"line":105,"column":31},"end":{"line":146,"column":5}},"line":105},"1":{"name":"(anonymous_1)","decl":{"start":{"line":153,"column":4},"end":{"line":153,"column":5}},"loc":{"start":{"line":153,"column":26},"end":{"line":163,"column":5}},"line":153},"2":{"name":"(anonymous_2)","decl":{"start":{"line":178,"column":4},"end":{"line":178,"column":5}},"loc":{"start":{"line":178,"column":23},"end":{"line":180,"column":5}},"line":178},"3":{"name":"(anonymous_3)","decl":{"start":{"line":190,"column":4},"end":{"line":190,"column":5}},"loc":{"start":{"line":190,"column":16},"end":{"line":192,"column":5}},"line":190},"4":{"name":"(anonymous_4)","decl":{"start":{"line":203,"column":4},"end":{"line":203,"column":5}},"loc":{"start":{"line":203,"column":15},"end":{"line":205,"column":5}},"line":203},"5":{"name":"(anonymous_5)","decl":{"start":{"line":216,"column":4},"end":{"line":216,"column":5}},"loc":{"start":{"line":216,"column":18},"end":{"line":218,"column":5}},"line":216},"6":{"name":"(anonymous_6)","decl":{"start":{"line":231,"column":4},"end":{"line":231,"column":5}},"loc":{"start":{"line":231,"column":25},"end":{"line":276,"column":5}},"line":231},"7":{"name":"(anonymous_7)","decl":{"start":{"line":307,"column":56},"end":{"line":307,"column":57}},"loc":{"start":{"line":307,"column":72},"end":{"line":311,"column":1}},"line":307},"8":{"name":"(anonymous_8)","decl":{"start":{"line":327,"column":31},"end":{"line":327,"column":32}},"loc":{"start":{"line":327,"column":48},"end":{"line":343,"column":1}},"line":327},"9":{"name":"(anonymous_9)","decl":{"start":{"line":345,"column":35},"end":{"line":345,"column":36}},"loc":{"start":{"line":345,"column":47},"end":{"line":347,"column":1}},"line":345}},"branchMap":{"0":{"loc":{"start":{"line":111,"column":20},"end":{"line":111,"column":100}},"type":"cond-expr","locations":[{"start":{"line":111,"column":84},"end":{"line":111,"column":88}},{"start":{"line":111,"column":91},"end":{"line":111,"column":100}}],"line":111},"1":{"loc":{"start":{"line":111,"column":21},"end":{"line":111,"column":80}},"type":"binary-expr","locations":[{"start":{"line":111,"column":21},"end":{"line":111,"column":28}},{"start":{"line":111,"column":32},"end":{"line":111,"column":48}},{"start":{"line":111,"column":52},"end":{"line":111,"column":80}}],"line":111},"2":{"loc":{"start":{"line":117,"column":8},"end":{"line":119,"column":9}},"type":"if","locations":[{"start":{"line":117,"column":8},"end":{"line":119,"column":9}},{"start":{},"end":{}}],"line":117},"3":{"loc":{"start":{"line":117,"column":12},"end":{"line":117,"column":72}},"type":"binary-expr","locations":[{"start":{"line":117,"column":12},"end":{"line":117,"column":38}},{"start":{"line":117,"column":42},"end":{"line":117,"column":72}}],"line":117},"4":{"loc":{"start":{"line":156,"column":8},"end":{"line":161,"column":9}},"type":"if","locations":[{"start":{"line":156,"column":8},"end":{"line":161,"column":9}},{"start":{},"end":{}}],"line":156},"5":{"loc":{"start":{"line":234,"column":8},"end":{"line":251,"column":9}},"type":"if","locations":[{"start":{"line":234,"column":8},"end":{"line":251,"column":9}},{"start":{},"end":{}}],"line":234},"6":{"loc":{"start":{"line":234,"column":12},"end":{"line":234,"column":36}},"type":"binary-expr","locations":[{"start":{"line":234,"column":12},"end":{"line":234,"column":25}},{"start":{"line":234,"column":29},"end":{"line":234,"column":36}}],"line":234},"7":{"loc":{"start":{"line":238,"column":16},"end":{"line":240,"column":17}},"type":"if","locations":[{"start":{},"end":{}}],"line":238},"8":{"loc":{"start":{"line":246,"column":16},"end":{"line":248,"column":17}},"type":"if","locations":[{"start":{"line":246,"column":16},"end":{"line":248,"column":17}},{"start":{},"end":{}}],"line":246},"9":{"loc":{"start":{"line":252,"column":8},"end":{"line":254,"column":9}},"type":"if","locations":[{"start":{"line":252,"column":8},"end":{"line":254,"column":9}},{"start":{},"end":{}}],"line":252},"10":{"loc":{"start":{"line":257,"column":24},"end":{"line":257,"column":78}},"type":"binary-expr","locations":[{"start":{"line":257,"column":24},"end":{"line":257,"column":31}},{"start":{"line":257,"column":35},"end":{"line":257,"column":78}}],"line":257},"11":{"loc":{"start":{"line":258,"column":12},"end":{"line":260,"column":13}},"type":"if","locations":[{"start":{"line":258,"column":12},"end":{"line":260,"column":13}},{"start":{},"end":{}}],"line":258},"12":{"loc":{"start":{"line":258,"column":16},"end":{"line":258,"column":60}},"type":"binary-expr","locations":[{"start":{"line":258,"column":16},"end":{"line":258,"column":30}},{"start":{"line":258,"column":34},"end":{"line":258,"column":60}}],"line":258},"13":{"loc":{"start":{"line":261,"column":12},"end":{"line":263,"column":13}},"type":"if","locations":[{"start":{"line":261,"column":12},"end":{"line":263,"column":13}},{"start":{},"end":{}}],"line":261},"14":{"loc":{"start":{"line":264,"column":12},"end":{"line":266,"column":13}},"type":"if","locations":[{"start":{"line":264,"column":12},"end":{"line":266,"column":13}},{"start":{},"end":{}}],"line":264},"15":{"loc":{"start":{"line":264,"column":16},"end":{"line":264,"column":60}},"type":"binary-expr","locations":[{"start":{"line":264,"column":16},"end":{"line":264,"column":30}},{"start":{"line":264,"column":34},"end":{"line":264,"column":60}}],"line":264},"16":{"loc":{"start":{"line":272,"column":12},"end":{"line":274,"column":13}},"type":"if","locations":[{"start":{"line":272,"column":12},"end":{"line":274,"column":13}},{"start":{},"end":{}}],"line":272},"17":{"loc":{"start":{"line":308,"column":11},"end":{"line":308,"column":52}},"type":"binary-expr","locations":[{"start":{"line":308,"column":11},"end":{"line":308,"column":36}},{"start":{"line":308,"column":40},"end":{"line":308,"column":44}},{"start":{"line":308,"column":48},"end":{"line":308,"column":52}}],"line":308},"18":{"loc":{"start":{"line":328,"column":12},"end":{"line":328,"column":43}},"type":"cond-expr","locations":[{"start":{"line":328,"column":24},"end":{"line":328,"column":39}},{"start":{"line":328,"column":42},"end":{"line":328,"column":43}}],"line":328},"19":{"loc":{"start":{"line":336,"column":4},"end":{"line":340,"column":5}},"type":"if","locations":[{"start":{"line":336,"column":4},"end":{"line":340,"column":5}},{"start":{"line":338,"column":11},"end":{"line":340,"column":5}}],"line":336}},"s":{"0":1,"1":1,"2":1,"3":1,"4":1,"5":1,"6":27,"7":27,"8":27,"9":3,"10":27,"11":27,"12":27,"13":27,"14":27,"15":27,"16":27,"17":1,"18":1,"19":27,"20":33,"21":43,"22":27,"23":25,"24":64,"25":64,"26":64,"27":18,"28":18,"29":16,"30":1,"31":2,"32":2,"33":2,"34":2,"35":1,"36":1,"37":47,"38":6,"39":41,"40":41,"41":26,"42":26,"43":16,"44":22,"45":3,"46":22,"47":1,"48":22,"49":22,"50":19,"51":19,"52":19,"53":2,"54":1,"55":1,"56":10,"57":10,"58":8,"59":1,"60":1,"61":4,"62":4,"63":4,"64":4,"65":4,"66":4,"67":4,"68":2,"69":2,"70":4,"71":4,"72":1,"73":2,"74":1},"f":{"0":27,"1":27,"2":33,"3":43,"4":27,"5":25,"6":64,"7":10,"8":4,"9":2},"b":{"0":[4,23],"1":[27,24,6],"2":[3,24],"3":[27,27],"4":[1,26],"5":[18,46],"6":[64,54],"7":[1],"8":[1,1],"9":[6,41],"10":[26,25],"11":[16,10],"12":[26,17],"13":[3,19],"14":[1,21],"15":[22,13],"16":[2,17],"17":[10,9,1],"18":[1,3],"19":[2,2]},"_coverageSchema":"1a1c01bbd47fc00a2c39e90264f33305004495a9","hash":"96db75bf5fcca27e2b2754d43be6597180a0c33f","contentHash":"1f5d1f8be824f5d43acea8504730dc0f2c72437e8a627f5c6ea47b8d2b54aa40"},"C:\\Projects\\pg-promise\\lib\\assert.js":{"path":"C:\\Projects\\pg-promise\\lib\\assert.js","statementMap":{"0":{"start":{"line":1,"column":24},"end":{"line":1,"column":49}},"1":{"start":{"line":4,"column":0},"end":{"line":4,"column":39}},"2":{"start":{"line":6,"column":0},"end":{"line":10,"column":2}},"3":{"start":{"line":8,"column":8},"end":{"line":8,"column":66}}},"fnMap":{"0":{"name":"(anonymous_0)","decl":{"start":{"line":7,"column":4},"end":{"line":7,"column":5}},"loc":{"start":{"line":7,"column":13},"end":{"line":9,"column":5}},"line":7}},"branchMap":{},"s":{"0":1,"1":1,"2":1,"3":596},"f":{"0":596},"b":{},"_coverageSchema":"1a1c01bbd47fc00a2c39e90264f33305004495a9","hash":"7e8bd1b2e68289fc79608cd6e0e70ad28b9dc35c","contentHash":"e4519d334f0a4f7b33f6c084c6d680a2600e16306a2c4766e94a46459e51d985"},"C:\\Projects\\pg-promise\\lib\\formatting.js":{"path":"C:\\Projects\\pg-promise\\lib\\formatting.js","statementMap":{"0":{"start":{"line":10,"column":17},"end":{"line":10,"column":36}},"1":{"start":{"line":12,"column":12},"end":{"line":16,"column":1}},"2":{"start":{"line":19,"column":16},"end":{"line":26,"column":1}},"3":{"start":{"line":29,"column":14},"end":{"line":40,"column":1}},"4":{"start":{"line":43,"column":19},"end":{"line":46,"column":1}},"5":{"start":{"line":48,"column":20},"end":{"line":48,"column":26}},"6":{"start":{"line":54,"column":4},"end":{"line":56,"column":5}},"7":{"start":{"line":55,"column":8},"end":{"line":55,"column":68}},"8":{"start":{"line":58,"column":16},"end":{"line":58,"column":29}},"9":{"start":{"line":59,"column":4},"end":{"line":62,"column":5}},"10":{"start":{"line":60,"column":8},"end":{"line":60,"column":44}},"11":{"start":{"line":61,"column":8},"end":{"line":61,"column":80}},"12":{"start":{"line":64,"column":18},"end":{"line":64,"column":38}},"13":{"start":{"line":65,"column":4},"end":{"line":65,"column":23}},"14":{"start":{"line":67,"column":4},"end":{"line":80,"column":5}},"15":{"start":{"line":69,"column":12},"end":{"line":69,"column":36}},"16":{"start":{"line":71,"column":12},"end":{"line":71,"column":35}},"17":{"start":{"line":73,"column":12},"end":{"line":73,"column":42}},"18":{"start":{"line":75,"column":12},"end":{"line":75,"column":43}},"19":{"start":{"line":77,"column":12},"end":{"line":77,"column":36}},"20":{"start":{"line":79,"column":12},"end":{"line":79,"column":18}},"21":{"start":{"line":82,"column":4},"end":{"line":85,"column":5}},"22":{"start":{"line":83,"column":8},"end":{"line":83,"column":26}},"23":{"start":{"line":84,"column":8},"end":{"line":84,"column":22}},"24":{"start":{"line":87,"column":4},"end":{"line":108,"column":5}},"25":{"start":{"line":89,"column":12},"end":{"line":89,"column":42}},"26":{"start":{"line":91,"column":12},"end":{"line":91,"column":35}},"27":{"start":{"line":94,"column":12},"end":{"line":94,"column":37}},"28":{"start":{"line":96,"column":12},"end":{"line":96,"column":98}},"29":{"start":{"line":98,"column":12},"end":{"line":100,"column":13}},"30":{"start":{"line":99,"column":16},"end":{"l
[...]
mn":18}},"30":{"start":{"line":78,"column":8},"end":{"line":78,"column":25}},"31":{"start":{"line":79,"column":8},"end":{"line":79,"column":24}},"32":{"start":{"line":80,"column":8},"end":{"line":80,"column":51}},"33":{"start":{"line":81,"column":8},"end":{"line":81,"column":18}},"34":{"start":{"line":85,"column":8},"end":{"line":85,"column":18}},"35":{"start":{"line":86,"column":8},"end":{"line":89,"column":11}},"36":{"start":{"line":93,"column":8},"end":{"line":93,"column":46}},"37":{"start":{"line":94,"column":8},"end":{"line":94,"column":48}},"38":{"start":{"line":95,"column":8},"end":{"line":95,"column":44}},"39":{"start":{"line":99,"column":8},"end":{"line":99,"column":66}},"40":{"start":{"line":104,"column":8},"end":{"line":108,"column":9}},"41":{"start":{"line":105,"column":12},"end":{"line":105,"column":35}},"42":{"start":{"line":107,"column":12},"end":{"line":107,"column":51}},"43":{"start":{"line":109,"column":8},"end":{"line":115,"column":10}},"44":{"start":{"line":118,"column":4},"end":{"line":121,"column":7}},"45":{"start":{"line":119,"column":8},"end":{"line":119,"column":22}},"46":{"start":{"line":120,"column":8},"end":{"line":120,"column":21}},"47":{"start":{"line":125,"column":0},"end":{"line":125,"column":35}}},"fnMap":{"0":{"name":"$stream","decl":{"start":{"line":20,"column":9},"end":{"line":20,"column":16}},"loc":{"start":{"line":20,"column":34},"end":{"line":123,"column":1}},"line":20},"1":{"name":"onData","decl":{"start":{"line":68,"column":13},"end":{"line":68,"column":19}},"loc":{"start":{"line":68,"column":26},"end":{"line":74,"column":5}},"line":68},"2":{"name":"onError","decl":{"start":{"line":76,"column":13},"end":{"line":76,"column":20}},"loc":{"start":{"line":76,"column":24},"end":{"line":82,"column":5}},"line":76},"3":{"name":"onEnd","decl":{"start":{"line":84,"column":13},"end":{"line":84,"column":18}},"loc":{"start":{"line":84,"column":21},"end":{"line":90,"column":5}},"line":84},"4":{"name":"release","decl":{"start":{"line":92,"column":13},"end":{"line":92,"column":20}},"loc":{"start":{"line":92,"column":23},"end":{"line":96,"column":5}},"line":92},"5":{"name":"getError","decl":{"start":{"line":98,"column":13},"end":{"line":98,"column":21}},"loc":{"start":{"line":98,"column":25},"end":{"line":100,"column":5}},"line":98},"6":{"name":"getContext","decl":{"start":{"line":102,"column":13},"end":{"line":102,"column":23}},"loc":{"start":{"line":102,"column":26},"end":{"line":116,"column":5}},"line":102},"7":{"name":"(anonymous_7)","decl":{"start":{"line":118,"column":23},"end":{"line":118,"column":24}},"loc":{"start":{"line":118,"column":37},"end":{"line":121,"column":5}},"line":118}},"branchMap":{"0":{"loc":{"start":{"line":29,"column":4},"end":{"line":32,"column":5}},"type":"if","locations":[{"start":{"line":29,"column":4},"end":{"line":32,"column":5}},{"start":{},"end":{}}],"line":29},"1":{"loc":{"start":{"line":29,"column":8},"end":{"line":29,"column":71}},"type":"binary-expr","locations":[{"start":{"line":29,"column":8},"end":{"line":29,"column":11}},{"start":{"line":29,"column":15},"end":{"line":29,"column":30}},{"start":{"line":29,"column":34},"end":{"line":29,"column":71}}],"line":29},"2":{"loc":{"start":{"line":33,"column":4},"end":{"line":36,"column":5}},"type":"if","locations":[{"start":{"line":33,"column":4},"end":{"line":36,"column":5}},{"start":{},"end":{}}],"line":33},"3":{"loc":{"start":{"line":33,"column":8},"end":{"line":33,"column":33}},"type":"binary-expr","locations":[{"start":{"line":33,"column":8},"end":{"line":33,"column":19}},{"start":{"line":33,"column":23},"end":{"line":33,"column":33}}],"line":33},"4":{"loc":{"start":{"line":37,"column":4},"end":{"line":40,"column":5}},"type":"if","locations":[{"start":{"line":37,"column":4},"end":{"line":40,"column":5}},{"start":{},"end":{}}],"line":37},"5":{"loc":{"start":{"line":44,"column":4},"end":{"line":48,"column":5}},"type":"if","locations":[{"start":{"line":44,"column":4},"end":{"line":48,"column":5}},{"start":{},"end":{}}],"line":44},"6":{"loc":{"start":{"line":71,"column":8},"end":{"line":73,"column":9}},"type":"if","locations":[{"start":{"line":71,"column":8},"end":{"line":73,"column":9}},{"start":{},"end":{}}],"line":71},"7":{"loc":{"start":{"line":99,"column":15},"end":{"line":99,"column":65}},"type":"cond-expr","locations":[{"start":{"line":99,"column":54},"end":{"line":99,"column":61}},{"start":{"line":99,"column":64},"end":{"line":99,"column":65}}],"line":99},"8":{"loc":{"start":{"line":104,"column":8},"end":{"line":108,"column":9}},"type":"if","locations":[{"start":{"line":104,"column":8},"end":{"line":108,"column":9}},{"start":{"line":106,"column":15},"end":{"line":108,"column":9}}],"line":104}},"s":{"0":1,"1":1,"2":28,"3":4,"4":24,"5":12,"6":12,"7":4,"8":8,"9":8,"10":1,"11":1,"12":1,"13":7,"14":7,"15":7,"16":7,"17":7,"18":7,"19":2,"20":2,"21":2,"22":2,"23":5,"24":5,"25":7,"26":7,"27":7,"28":1,"29":2,"30":2,"31":2,"32":2,"33":2,"34":3,"35":3,"36":7,"37":7,"38":7,"39":5,"40":20,"41":19,"42":1,"43":20,"44":5,"45":5,"46":5,"47":1},"f":{"0":28,"1":7,"2":2,"3":3,"4":7,"5":5,"6":20,"7":5},"b":{"0":[4,24],"1":[28,26,26],"2":[12,12],"3":[24,18],"4":[4,8],"5":[1,7],"6":[1,6],"7":[1,4],"8":[19,1]},"_coverageSchema":"1a1c01bbd47fc00a2c39e90264f33305004495a9","hash":"91927b45f50104428a2a860152eaea81ddbd678d","contentHash":"3c8e7877c7edbcbd5cfe98a2c8f9dcd3aef7ee54e2be0df837020eea1c09f68b"},"C:\\Projects\\pg-promise\\lib\\task.js":{"path":"C:\\Projects\\pg-promise\\lib\\task.js","statementMap":{"0":{"start":{"line":10,"column":17},"end":{"line":10,"column":36}},"1":{"start":{"line":12,"column":12},"end":{"line":18,"column":1}},"2":{"start":{"line":90,"column":4},"end":{"line":90,"column":28}},"3":{"start":{"line":92,"column":4},"end":{"line":92,"column":50}},"4":{"start":{"line":94,"column":4},"end":{"line":96,"column":5}},"5":{"start":{"line":95,"column":8},"end":{"line":95,"column":64}},"6":{"start":{"line":98,"column":4},"end":{"line":98,"column":58}},"7":{"start":{"line":99,"column":4},"end":{"line":99,"column":48}},"8":{"start":{"line":100,"column":4},"end":{"line":100,"column":50}},"9":{"start":{"line":101,"column":4},"end":{"line":101,"column":56}},"10":{"start":{"line":102,"column":4},"end":{"line":102,"column":72}},"11":{"start":{"line":104,"column":4},"end":{"line":106,"column":5}},"12":{"start":{"line":105,"column":8},"end":{"line":105,"column":64}},"13":{"start":{"line":108,"column":4},"end":{"line":108,"column":61}},"14":{"start":{"line":111,"column":4},"end":{"line":116,"column":6}},"15":{"start":{"line":112,"column":8},"end":{"line":114,"column":9}},"16":{"start":{"line":113,"column":12},"end":{"line":113,"column":66}},"17":{"start":{"line":115,"column":8},"end":{"line":115,"column":69}},"18":{"start":{"line":134,"column":4},"end":{"line":136,"column":6}},"19":{"start":{"line":135,"column":8},"end":{"line":135,"column":66}},"20":{"start":{"line":153,"column":4},"end":{"line":155,"column":6}},"21":{"start":{"line":154,"column":8},"end":{"line":154,"column":65}},"22":{"start":{"line":173,"column":4},"end":{"line":175,"column":6}},"23":{"start":{"line":174,"column":8},"end":{"line":174,"column":69}},"24":{"start":{"line":190,"column":17},"end":{"line":211,"column":1}},"25":{"start":{"line":194,"column":4},"end":{"line":206,"column":5}},"26":{"start":{"line":195,"column":8},"end":{"line":197,"column":9}},"27":{"start":{"line":196,"column":12},"end":{"line":196,"column":78}},"28":{"start":{"line":198,"column":8},"end":{"line":198,"column":35}},"29":{"start":{"line":200,"column":8},"end":{"line":204,"column":11}},"30":{"start":{"line":205,"column":8},"end":{"line":205,"column":35}},"31":{"start":{"line":207,"column":4},"end":{"line":209,"column":5}},"32":{"start":{"line":208,"column":8},"end":{"line":208,"column":22}},"33":{"start":{"line":210,"column":4},"end":{"line":210,"column":35}},"34":{"start":{"line":224,"column":16},"end":{"line":322,"column":1}},"35":{"start":{"line":228,"column":18},"end":{"line":228,"column":25}},"36":{"start":{"line":229,"column":8},"end":{"line":236,"column":9}},"37":{"start":{"line":230,"column":12},"end":{"line":230,"column":58}},"38":{"start":{"line":232,"column":12},"end":{"line":232,"column":34}},"39":{"start":{"line":233,"column":12},"end":{"line":233,"column":32}},"40":{"start":{"line":234,"column":12},"end":{"line":234,"column":30}},"41":{"start":{"line":235,"column":12},"end":{"line":235,"column":44}},"42":{"start":{"line":237,"column":8},"end":{"line":241,"column":11}},"43":{"start":{"line":247,"column":19},"end":{"line":247,"column":37}},"44":{"start":{"line":249,"column":4},"end":{"line":249,"column":17}},"45":{"start":{"line":251,"column":4},"end":{"line":288,"column":5}},"46":{"start":{"line":253,"column":8},"end":{"line":253,"column":56}},"47":{"start":{"line":254,"column":8},"end":{"line":287,"column":15}},"48":{"start":{"line":255,"column":24},"end":{"line":279,"column":18}},"49":{"start":{"line":257,"column":20},"end":{"line":257,"column":34}},"50":{"start":{"line":258,"column":20},"end":{"line":258,"column":35}},"51":{"start":{"line":259,"column":20},"end":{"line":259,"column":36}},"52":{"start":{"line":261,"column":20},"end":{"line":261,"column":35}},"53":{"start":{"line":262,"column":20},"end":{"line":262,"column":38}},"54":{"start":{"line":265,"column":20},"end":{"line":268,"column":21}},"55":{"start":{"line":266,"column":24},"end":{"line":266,"column":52}},"56":{"start":{"line":267,"column":24},"end":{"line":267,"column":38}},"57":{"start":{"line":269,"column":20},"end":{"line":269,"column":51}},"58":{"start":{"line":270,"column":20},"end":{"line":270,"column":52}},"59":{"start":{"line":291,"column":8},"end":{"line":293,"column":9}},"60":{"start":{"line":292,"column":12},"end":{"line":292,"column":61}},"61":{"start":{"line":294,"column":8},"end":{"line":294,"column":42}},"62":{"start":{"line":298,"column":8},"end":{"line":298,"column":51}},"63":{"start":{"line":302,"column":8},"end":{"line":302,"column":57}},"64":{"start":{"line":306,"column":8},"end":{"line":308,"column":9}},"65":{"start":{"line":307,"column":12},"end":{"line":307,"column":85}},"66":{"start":{"line":309,"column":8},"end":{"line":309,"column":58}},"67":{"start":{"line":313,"column":4},"end":{"line":321,"column":11}},"68":{"start":{"line":315,"column":12},"end":{"line":315,"column":38}},"69":{"start":{"line":316,"column":12},"end":{"line":316,"column":24}},"70":{"start":{"line":319,"column":12},"end":{"line":319,"column":40}},"71":{"start":{"line":320,"column":12},"end":{"line":320,"column":41}},"72":{"start":{"line":324,"column":0},"end":{"line":331,"column":2}},"73":{"start":{"line":325,"column":21},"end":{"line":325,"column":32}},"74":{"start":{"line":326,"column":4},"end":{"line":326,"column":49}},"75":{"start":{"line":327,"column":4},"end":{"line":327,"column":46}},"76":{"start":{"line":328,"column":4},"end":{"line":330,"column":6}}},"fnMap":{"0":{"name":"Task","decl":{"start":{"line":62,"column":9},"end":{"line":62,"column":13}},"loc":{"start":{"line":62,"column":38},"end":{"line":177,"column":1}},"line":62},"1":{"name":"(anonymous_1)","decl":{"start":{"line":111,"column":17},"end":{"line":111,"column":18}},"loc":{"start":{"line":111,"column":47},"end":{"line":116,"column":5}},"line":111},"2":{"name":"(anonymous_2)","decl":{"start":{"line":134,"column":17},"end":{"line":134,"column":18}},"loc":{"start":{"line":134,"column":44},"end":{"line":136,"column":5}},"line":134},"3":{"name":"(anonymous_3)","decl":{"start":{"line":153,"column":16},"end":{"line":153,"column":17}},"loc":{"start":{"line":153,"column":43},"end":{"line":155,"column":5}},"line":153},"4":{"name":"(anonymous_4)","decl":{"start":{"line":173,"column":20},"end":{"line":173,"column":21}},"loc":{"start":{"line":173,"column":47},"end":{"line":175,"column":5}},"line":173},"5":{"name":"(anonymous_5)","decl":{"start":{"line":190,"column":17},"end":{"line":190,"column":18}},"loc":{"start":{"line":190,"column":35},"end":{"line":211,"column":1}},"line":190},"6":{"name":"(anonymous_6)","decl":{"start":{"line":224,"column":16},"end":{"line":224,"column":17}},"loc":{"start":{"line":224,"column":44},"end":{"line":322,"column":1}},"line":224},"7":{"name":"update","decl":{"start":{"line":227,"column":13},"end":{"line":227,"column":19}},"loc":{"start":{"line":227,"column":44},"end":{"line":242,"column":5}},"line":227},"8":{"name":"(anonymous_8)","decl":{"start":{"line":255,"column":18},"end":{"line":255,"column":19}},"loc":{"start":{"line":255,"column":24},"end":{"line":279,"column":18}},"line":255},"9":{"name":"(anonymous_9)","decl":{"start":{"line":256,"column":22},"end":{"line":256,"column":23}},"loc":{"start":{"line":256,"column":30},"end":{"line":260,"column":17}},"line":256},"10":{"name":"(anonymous_10)","decl":{"start":{"line":260,"column":19},"end":{"line":260,"column":20}},"loc":{"start":{"line":260,"column":26},"end":{"line":263,"column":17}},"line":260},"11":{"name":"(anonymous_11)","decl":{"start":{"line":264,"column":22},"end":{"line":264,"column":23}},"loc":{"start":{"line":264,"column":28},"end":{"line":271,"column":17}},"line":264},"12":{"name":"(anonymous_12)","decl":{"start":{"line":272,"column":16},"end":{"line":272,"column":17}},"loc":{"start":{"line":272,"column":23},"end":{"line":279,"column":17}},"line":272},"13":{"name":"(anonymous_13)","decl":{"start":{"line":280,"column":12},"end":{"line":280,"column":13}},"loc":{"start":{"line":280,"column":19},"end":{"line":287,"column":13}},"line":280},"14":{"name":"begin","decl":{"start":{"line":290,"column":13},"end":{"line":290,"column":18}},"loc":{"start":{"line":290,"column":21},"end":{"line":295,"column":5}},"line":290},"15":{"name":"commit","decl":{"start":{"line":297,"column":13},"end":{"line":297,"column":19}},"loc":{"start":{"line":297,"column":22},"end":{"line":299,"column":5}},"line":297},"16":{"name":"rollback","decl":{"start":{"line":301,"column":13},"end":{"line":301,"column":21}},"loc":{"start":{"line":301,"column":24},"end":{"line":303,"column":5}},"line":301},"17":{"name":"exec","decl":{"start":{"line":305,"column":13},"end":{"line":305,"column":17}},"loc":{"start":{"line":305,"column":31},"end":{"line":310,"column":5}},"line":305},"18":{"name":"(anonymous_18)","decl":{"start":{"line":314,"column":14},"end":{"line":314,"column":15}},"loc":{"start":{"line":314,"column":22},"end":{"line":317,"column":9}},"line":314},"19":{"name":"(anonymous_19)","decl":{"start":{"line":318,"column":15},"end":{"line":318,"column":16}},"loc":{"start":{"line":318,"column":24},"end":{"line":321,"column":9}},"line":318},"20":{"name":"(anonymous_20)","decl":{"start":{"line":324,"column":17},"end":{"line":324,"column":18}},"loc":{"start":{"line":324,"column":27},"end":{"line":331,"column":1}},"line":324}},"branchMap":{"0":{"loc":{"start":{"line":94,"column":4},"end":{"line":96,"column":5}},"type":"if","locations":[{"start":{"line":94,"column":4},"end":{"line":96,"column":5}},{"start":{},"end":{}}],"line":94},"1":{"loc":{"start":{"line":104,"column":4},"end":{"line":106,"column":5}},"type":"if","locations":[{"start":{"line":104,"column":4},"end":{"line":106,"column":5}},{"start":{},"end":{}}],"line":104},"2":{"loc":{"start":{"line":112,"column":8},"end":{"line":114,"column":9}},"type":"if","locations":[{"start":{"line":112,"column":8},"end":{"line":114,"column":9}},{"start":{},"end":{}}],"line":112},"3":{"loc":{"start":{"line":195,"column":8},"end":{"line":197,"column":9}},"type":"if","locations":[{"start":{"line":195,"column":8},"end":{"line":197,"column":9}},{"start":{},"end":{}}],"line":195},"4":{"loc":{"start":{"line":201,"column":20},"end":{"line":201,"column":43}},"type":"binary-expr","locations":[{"start":{"line":201,"column":20},"end":{"line":201,"column":26}},{"start":{"line":201,"column":30},"end":{"line":201,"column":43}}],"line":201},"5":{"loc":{"start":{"line":207,"column":4},"end":{"line":209,"column":5}},"type":"if","locations":[{"start":{"line":207,"column":4},"end":{"line":209,"column":5}},{"start":{},"end":{}}],"line":207},"6":{"loc":{"start":{"line":229,"column":8},"end":{"line":236,"column":9}},"type":"if","locations":[{"start":{"line":229,"column":8},"end":{"line":236,"column":9}},{"start":{"line":231,"column":15},"end":{"line":236,"column":9}}],"line":229},"7":{"loc":{"start":{"line":237,"column":9},"end":{"line":237,"column":45}},"type":"cond-expr","locations":[{"start":{"line":237,"column":16},"end":{"line":237,"column":31}},{"start":{"line":237,"column":34},"end":{"line":237,"column":45}}],"line":237},"8":{"loc":{"start":{"line":238,"column":20},"end":{"line":238,"column":43}},"type":"binary-expr","locations":[{"start":{"line":238,"column":20},"end":{"line":238,"column":26}},{"start":{"line":238,"column":30},"end":{"line":238,"column":43}}],"line":238},"9":{"loc":{"start":{"line":251,"column":4},"end":{"line":288,"column":5}},"type":"if","locations":[{"start":{"line":251,"column":4},"end":{"line":288,"column":5}},{"start":{},"end":{}}],"line":251},"10":{"loc":{"start":{"line":265,"column":20},"end":{"line":268,"column":21}},"type":"if","locations":[{"start":{"line":265,"column":20},"end":{"line":268,"column":21}},{"start":{},"end":{}}],"line":265},"11":{"loc":{"start":{"line":291,"column":8},"end":{"line":293,"column":9}},"type":"if","locations":[{"start":{"line":291,"column":8},"end":{"line":293,"column":9}},{"start":{},"end":{}}],"line":291},"12":{"loc":{"start":{"line":291,"column":12},"end":{"line":291,"column":72}},"type":"binary-expr","locations":[{"start":{"line":291,"column":12},"end":{"line":291,"column":24}},{"start":{"line":291,"column":28},"end":{"line":291,"column":72}}],"line":291},"13":{"loc":{"start":{"line":306,"column":8},"end":{"line":308,"column":9}},"type":"if","locations":[{"start":{"line":306,"column":8},"end":{"line":308,"column":9}},{"start":{},"end":{}}],"line":306},"14":{"loc":{"start":{"line":307,"column":29},"end":{"line":307,"column":67}},"type":"cond-expr","locations":[{"start":{"line":307,"column":38},"end":{"line":307,"column":58}},{"start":{"line":307,"column":61},"end":{"line":307,"column":67}}],"line":307},"15":{"loc":{"start":{"line":309,"column":24},"end":{"line":309,"column":56}},"type":"cond-expr","locations":[{"start":{"line":309,"column":33},"end":{"line":309,"column":50}},{"start":{"line":309,"column":53},"end":{"line":309,"column":56}}],"line":309},"16":{"loc":{"start":{"line":326,"column":21},"end":{"line":326,"column":48}},"type":"binary-expr","locations":[{"start":{"line":326,"column":21},"end":{"line":326,"column":35}},{"start":{"line":326,"column":39},"end":{"line":326,"column":48}}],"line":326},"17":{"loc":{"start":{"line":327,"column":20},"end":{"line":327,"column":45}},"type":"binary-expr","locations":[{"start":{"line":327,"column":20},"end":{"line":327,"column":33}},{"start":{"line":327,"column":37},"end":{"line":327,"column":45}}],"line":327}},"s":{"0":1,"1":1,"2":67,"3":67,"4":67,"5":1,"6":67,"7":67,"8":67,"9":67,"10":67,"11":67,"12":47,"13":67,"14":67,"15":10111,"16":2,"17":10109,"18":67,"19":8,"20":67,"21":1,"22":67,"23":1,"24":1,"25":70,"26":70,"27":2,"28":68,"29":7,"30":7,"31":63,"32":50,"33":13,"34":1,"35":132,"36":132,"37":66,"38":66,"39":66,"40":66,"41":66,"42":132,"43":66,"44":66,"45":66,"46":46,"47":46,"48":46,"49":35,"50":35,"51":35,"52":11,"53":11,"54":46,"55":35,"56":35,"57":11,"58":11,"59":46,"60":7,"61":39,"62":35,"63":11,"64":92,"65":26,"66":66,"67":20,"68":18,"69":18,"70":2,"71":2,"72":1,"73":19,"74":19,"75":19,"76":19},"f":{"0":67,"1":10111,"2":8,"3":1,"4":1,"5":70,"6":66,"7":132,"8":46,"9":35,"10":11,"11":46,"12":0,"13":0,"14":46,"15":35,"16":11,"17":92,"18":18,"19":2,"20":19},"b":{"0":[1,66],"1":[47,20],"2":[2,10109],"3":[2,68],"4":[7,7],"5":[50,13],"6":[66,66],"7":[92,40],"8":[132,132],"9":[46,20],"10":[35,11],"11":[7,39],"12":[46,33],"13":[26,66],"14":[20,6],"15":[6,60],"16":[19,0],"17":[19,19]},"_coverageSchema":"1a1c01bbd47fc00a2c39e90264f33305004495a9","hash":"14d1e38b6aba5bb41249afddee81d343f82e2904","contentHash":"88c736fbc2d6402fc72d114ff01eb498be7a573bf7b8ed0b85e1e0051eaffc9f"}}